[2025-06-19T00:00:25.790+0000] {processor.py:161} INFO - Started process (PID=1217) to work on /opt/airflow/dags/cassandra_to_clickhouse_dag.py
[2025-06-19T00:00:25.792+0000] {processor.py:830} INFO - Processing file /opt/airflow/dags/cassandra_to_clickhouse_dag.py for tasks to queue
[2025-06-19T00:00:25.794+0000] {logging_mixin.py:188} INFO - [2025-06-19T00:00:25.793+0000] {dagbag.py:538} INFO - Filling up the DagBag from /opt/airflow/dags/cassandra_to_clickhouse_dag.py
[2025-06-19T00:00:26.844+0000] {processor.py:840} INFO - DAG(s) 'etl_cassandra_to_clickhouse' retrieved from /opt/airflow/dags/cassandra_to_clickhouse_dag.py
[2025-06-19T00:00:26.876+0000] {logging_mixin.py:188} INFO - [2025-06-19T00:00:26.875+0000] {dag.py:3036} INFO - Sync 1 DAGs
[2025-06-19T00:00:26.894+0000] {logging_mixin.py:188} INFO - [2025-06-19T00:00:26.894+0000] {dag.py:3823} INFO - Setting next_dagrun for etl_cassandra_to_clickhouse to None, run_after=None
[2025-06-19T00:00:26.923+0000] {processor.py:183} INFO - Processing /opt/airflow/dags/cassandra_to_clickhouse_dag.py took 1.138 seconds
[2025-06-19T00:00:57.190+0000] {processor.py:161} INFO - Started process (PID=1223) to work on /opt/airflow/dags/cassandra_to_clickhouse_dag.py
[2025-06-19T00:00:57.191+0000] {processor.py:830} INFO - Processing file /opt/airflow/dags/cassandra_to_clickhouse_dag.py for tasks to queue
[2025-06-19T00:00:57.193+0000] {logging_mixin.py:188} INFO - [2025-06-19T00:00:57.192+0000] {dagbag.py:538} INFO - Filling up the DagBag from /opt/airflow/dags/cassandra_to_clickhouse_dag.py
[2025-06-19T00:00:57.971+0000] {processor.py:840} INFO - DAG(s) 'etl_cassandra_to_clickhouse' retrieved from /opt/airflow/dags/cassandra_to_clickhouse_dag.py
[2025-06-19T00:00:58.002+0000] {logging_mixin.py:188} INFO - [2025-06-19T00:00:58.002+0000] {dag.py:3036} INFO - Sync 1 DAGs
[2025-06-19T00:00:58.019+0000] {logging_mixin.py:188} INFO - [2025-06-19T00:00:58.019+0000] {dag.py:3823} INFO - Setting next_dagrun for etl_cassandra_to_clickhouse to None, run_after=None
[2025-06-19T00:00:58.061+0000] {processor.py:183} INFO - Processing /opt/airflow/dags/cassandra_to_clickhouse_dag.py took 0.875 seconds
[2025-06-19T00:01:28.523+0000] {processor.py:161} INFO - Started process (PID=1229) to work on /opt/airflow/dags/cassandra_to_clickhouse_dag.py
[2025-06-19T00:01:28.524+0000] {processor.py:830} INFO - Processing file /opt/airflow/dags/cassandra_to_clickhouse_dag.py for tasks to queue
[2025-06-19T00:01:28.526+0000] {logging_mixin.py:188} INFO - [2025-06-19T00:01:28.525+0000] {dagbag.py:538} INFO - Filling up the DagBag from /opt/airflow/dags/cassandra_to_clickhouse_dag.py
[2025-06-19T00:01:29.386+0000] {processor.py:840} INFO - DAG(s) 'etl_cassandra_to_clickhouse' retrieved from /opt/airflow/dags/cassandra_to_clickhouse_dag.py
[2025-06-19T00:01:29.417+0000] {logging_mixin.py:188} INFO - [2025-06-19T00:01:29.416+0000] {dag.py:3036} INFO - Sync 1 DAGs
[2025-06-19T00:01:29.430+0000] {logging_mixin.py:188} INFO - [2025-06-19T00:01:29.430+0000] {dag.py:3823} INFO - Setting next_dagrun for etl_cassandra_to_clickhouse to None, run_after=None
[2025-06-19T00:01:29.475+0000] {processor.py:183} INFO - Processing /opt/airflow/dags/cassandra_to_clickhouse_dag.py took 0.956 seconds
[2025-06-19T00:01:59.896+0000] {processor.py:161} INFO - Started process (PID=1235) to work on /opt/airflow/dags/cassandra_to_clickhouse_dag.py
[2025-06-19T00:01:59.897+0000] {processor.py:830} INFO - Processing file /opt/airflow/dags/cassandra_to_clickhouse_dag.py for tasks to queue
[2025-06-19T00:01:59.899+0000] {logging_mixin.py:188} INFO - [2025-06-19T00:01:59.898+0000] {dagbag.py:538} INFO - Filling up the DagBag from /opt/airflow/dags/cassandra_to_clickhouse_dag.py
[2025-06-19T00:02:00.699+0000] {processor.py:840} INFO - DAG(s) 'etl_cassandra_to_clickhouse' retrieved from /opt/airflow/dags/cassandra_to_clickhouse_dag.py
[2025-06-19T00:02:00.731+0000] {logging_mixin.py:188} INFO - [2025-06-19T00:02:00.730+0000] {dag.py:3036} INFO - Sync 1 DAGs
[2025-06-19T00:02:00.743+0000] {logging_mixin.py:188} INFO - [2025-06-19T00:02:00.743+0000] {dag.py:3823} INFO - Setting next_dagrun for etl_cassandra_to_clickhouse to None, run_after=None
[2025-06-19T00:02:00.770+0000] {processor.py:183} INFO - Processing /opt/airflow/dags/cassandra_to_clickhouse_dag.py took 0.877 seconds
[2025-06-19T00:02:31.181+0000] {processor.py:161} INFO - Started process (PID=1241) to work on /opt/airflow/dags/cassandra_to_clickhouse_dag.py
[2025-06-19T00:02:31.183+0000] {processor.py:830} INFO - Processing file /opt/airflow/dags/cassandra_to_clickhouse_dag.py for tasks to queue
[2025-06-19T00:02:31.184+0000] {logging_mixin.py:188} INFO - [2025-06-19T00:02:31.184+0000] {dagbag.py:538} INFO - Filling up the DagBag from /opt/airflow/dags/cassandra_to_clickhouse_dag.py
[2025-06-19T00:02:31.962+0000] {processor.py:840} INFO - DAG(s) 'etl_cassandra_to_clickhouse' retrieved from /opt/airflow/dags/cassandra_to_clickhouse_dag.py
[2025-06-19T00:02:31.990+0000] {logging_mixin.py:188} INFO - [2025-06-19T00:02:31.990+0000] {dag.py:3036} INFO - Sync 1 DAGs
[2025-06-19T00:02:32.003+0000] {logging_mixin.py:188} INFO - [2025-06-19T00:02:32.002+0000] {dag.py:3823} INFO - Setting next_dagrun for etl_cassandra_to_clickhouse to None, run_after=None
[2025-06-19T00:02:32.038+0000] {processor.py:183} INFO - Processing /opt/airflow/dags/cassandra_to_clickhouse_dag.py took 0.860 seconds
[2025-06-19T00:03:02.476+0000] {processor.py:161} INFO - Started process (PID=1247) to work on /opt/airflow/dags/cassandra_to_clickhouse_dag.py
[2025-06-19T00:03:02.478+0000] {processor.py:830} INFO - Processing file /opt/airflow/dags/cassandra_to_clickhouse_dag.py for tasks to queue
[2025-06-19T00:03:02.479+0000] {logging_mixin.py:188} INFO - [2025-06-19T00:03:02.479+0000] {dagbag.py:538} INFO - Filling up the DagBag from /opt/airflow/dags/cassandra_to_clickhouse_dag.py
[2025-06-19T00:03:03.250+0000] {processor.py:840} INFO - DAG(s) 'etl_cassandra_to_clickhouse' retrieved from /opt/airflow/dags/cassandra_to_clickhouse_dag.py
[2025-06-19T00:03:03.278+0000] {logging_mixin.py:188} INFO - [2025-06-19T00:03:03.278+0000] {dag.py:3036} INFO - Sync 1 DAGs
[2025-06-19T00:03:03.291+0000] {logging_mixin.py:188} INFO - [2025-06-19T00:03:03.290+0000] {dag.py:3823} INFO - Setting next_dagrun for etl_cassandra_to_clickhouse to None, run_after=None
[2025-06-19T00:03:03.318+0000] {processor.py:183} INFO - Processing /opt/airflow/dags/cassandra_to_clickhouse_dag.py took 0.846 seconds
[2025-06-19T00:03:33.745+0000] {processor.py:161} INFO - Started process (PID=1253) to work on /opt/airflow/dags/cassandra_to_clickhouse_dag.py
[2025-06-19T00:03:33.747+0000] {processor.py:830} INFO - Processing file /opt/airflow/dags/cassandra_to_clickhouse_dag.py for tasks to queue
[2025-06-19T00:03:33.748+0000] {logging_mixin.py:188} INFO - [2025-06-19T00:03:33.748+0000] {dagbag.py:538} INFO - Filling up the DagBag from /opt/airflow/dags/cassandra_to_clickhouse_dag.py
[2025-06-19T00:03:34.532+0000] {processor.py:840} INFO - DAG(s) 'etl_cassandra_to_clickhouse' retrieved from /opt/airflow/dags/cassandra_to_clickhouse_dag.py
[2025-06-19T00:03:34.563+0000] {logging_mixin.py:188} INFO - [2025-06-19T00:03:34.562+0000] {dag.py:3036} INFO - Sync 1 DAGs
[2025-06-19T00:03:34.576+0000] {logging_mixin.py:188} INFO - [2025-06-19T00:03:34.576+0000] {dag.py:3823} INFO - Setting next_dagrun for etl_cassandra_to_clickhouse to None, run_after=None
[2025-06-19T00:03:34.623+0000] {processor.py:183} INFO - Processing /opt/airflow/dags/cassandra_to_clickhouse_dag.py took 0.881 seconds
[2025-06-19T00:04:05.034+0000] {processor.py:161} INFO - Started process (PID=1259) to work on /opt/airflow/dags/cassandra_to_clickhouse_dag.py
[2025-06-19T00:04:05.035+0000] {processor.py:830} INFO - Processing file /opt/airflow/dags/cassandra_to_clickhouse_dag.py for tasks to queue
[2025-06-19T00:04:05.037+0000] {logging_mixin.py:188} INFO - [2025-06-19T00:04:05.036+0000] {dagbag.py:538} INFO - Filling up the DagBag from /opt/airflow/dags/cassandra_to_clickhouse_dag.py
[2025-06-19T00:04:05.873+0000] {processor.py:840} INFO - DAG(s) 'etl_cassandra_to_clickhouse' retrieved from /opt/airflow/dags/cassandra_to_clickhouse_dag.py
[2025-06-19T00:04:05.904+0000] {logging_mixin.py:188} INFO - [2025-06-19T00:04:05.904+0000] {dag.py:3036} INFO - Sync 1 DAGs
[2025-06-19T00:04:05.917+0000] {logging_mixin.py:188} INFO - [2025-06-19T00:04:05.917+0000] {dag.py:3823} INFO - Setting next_dagrun for etl_cassandra_to_clickhouse to None, run_after=None
[2025-06-19T00:04:05.946+0000] {processor.py:183} INFO - Processing /opt/airflow/dags/cassandra_to_clickhouse_dag.py took 0.918 seconds
[2025-06-19T00:04:36.311+0000] {processor.py:161} INFO - Started process (PID=1265) to work on /opt/airflow/dags/cassandra_to_clickhouse_dag.py
[2025-06-19T00:04:36.313+0000] {processor.py:830} INFO - Processing file /opt/airflow/dags/cassandra_to_clickhouse_dag.py for tasks to queue
[2025-06-19T00:04:36.314+0000] {logging_mixin.py:188} INFO - [2025-06-19T00:04:36.314+0000] {dagbag.py:538} INFO - Filling up the DagBag from /opt/airflow/dags/cassandra_to_clickhouse_dag.py
[2025-06-19T00:04:37.235+0000] {processor.py:840} INFO - DAG(s) 'etl_cassandra_to_clickhouse' retrieved from /opt/airflow/dags/cassandra_to_clickhouse_dag.py
[2025-06-19T00:04:37.267+0000] {logging_mixin.py:188} INFO - [2025-06-19T00:04:37.267+0000] {dag.py:3036} INFO - Sync 1 DAGs
[2025-06-19T00:04:37.281+0000] {logging_mixin.py:188} INFO - [2025-06-19T00:04:37.280+0000] {dag.py:3823} INFO - Setting next_dagrun for etl_cassandra_to_clickhouse to None, run_after=None
[2025-06-19T00:04:37.311+0000] {processor.py:183} INFO - Processing /opt/airflow/dags/cassandra_to_clickhouse_dag.py took 1.003 seconds
[2025-06-19T00:05:07.519+0000] {processor.py:161} INFO - Started process (PID=1271) to work on /opt/airflow/dags/cassandra_to_clickhouse_dag.py
[2025-06-19T00:05:07.520+0000] {processor.py:830} INFO - Processing file /opt/airflow/dags/cassandra_to_clickhouse_dag.py for tasks to queue
[2025-06-19T00:05:07.522+0000] {logging_mixin.py:188} INFO - [2025-06-19T00:05:07.522+0000] {dagbag.py:538} INFO - Filling up the DagBag from /opt/airflow/dags/cassandra_to_clickhouse_dag.py
[2025-06-19T00:05:08.562+0000] {processor.py:840} INFO - DAG(s) 'etl_cassandra_to_clickhouse' retrieved from /opt/airflow/dags/cassandra_to_clickhouse_dag.py
[2025-06-19T00:05:08.601+0000] {logging_mixin.py:188} INFO - [2025-06-19T00:05:08.601+0000] {dag.py:3036} INFO - Sync 1 DAGs
[2025-06-19T00:05:08.617+0000] {logging_mixin.py:188} INFO - [2025-06-19T00:05:08.617+0000] {dag.py:3823} INFO - Setting next_dagrun for etl_cassandra_to_clickhouse to None, run_after=None
[2025-06-19T00:05:08.642+0000] {processor.py:183} INFO - Processing /opt/airflow/dags/cassandra_to_clickhouse_dag.py took 1.127 seconds
[2025-06-19T00:05:38.733+0000] {processor.py:161} INFO - Started process (PID=1277) to work on /opt/airflow/dags/cassandra_to_clickhouse_dag.py
[2025-06-19T00:05:38.734+0000] {processor.py:830} INFO - Processing file /opt/airflow/dags/cassandra_to_clickhouse_dag.py for tasks to queue
[2025-06-19T00:05:38.737+0000] {logging_mixin.py:188} INFO - [2025-06-19T00:05:38.736+0000] {dagbag.py:538} INFO - Filling up the DagBag from /opt/airflow/dags/cassandra_to_clickhouse_dag.py
[2025-06-19T00:05:39.705+0000] {processor.py:840} INFO - DAG(s) 'etl_cassandra_to_clickhouse' retrieved from /opt/airflow/dags/cassandra_to_clickhouse_dag.py
[2025-06-19T00:05:39.742+0000] {logging_mixin.py:188} INFO - [2025-06-19T00:05:39.741+0000] {dag.py:3036} INFO - Sync 1 DAGs
[2025-06-19T00:05:39.763+0000] {logging_mixin.py:188} INFO - [2025-06-19T00:05:39.763+0000] {dag.py:3823} INFO - Setting next_dagrun for etl_cassandra_to_clickhouse to None, run_after=None
[2025-06-19T00:05:39.789+0000] {processor.py:183} INFO - Processing /opt/airflow/dags/cassandra_to_clickhouse_dag.py took 1.060 seconds
[2025-06-19T00:06:09.980+0000] {processor.py:161} INFO - Started process (PID=1283) to work on /opt/airflow/dags/cassandra_to_clickhouse_dag.py
[2025-06-19T00:06:09.982+0000] {processor.py:830} INFO - Processing file /opt/airflow/dags/cassandra_to_clickhouse_dag.py for tasks to queue
[2025-06-19T00:06:09.983+0000] {logging_mixin.py:188} INFO - [2025-06-19T00:06:09.983+0000] {dagbag.py:538} INFO - Filling up the DagBag from /opt/airflow/dags/cassandra_to_clickhouse_dag.py
[2025-06-19T00:06:10.827+0000] {processor.py:840} INFO - DAG(s) 'etl_cassandra_to_clickhouse' retrieved from /opt/airflow/dags/cassandra_to_clickhouse_dag.py
[2025-06-19T00:06:10.860+0000] {logging_mixin.py:188} INFO - [2025-06-19T00:06:10.860+0000] {dag.py:3036} INFO - Sync 1 DAGs
[2025-06-19T00:06:10.875+0000] {logging_mixin.py:188} INFO - [2025-06-19T00:06:10.875+0000] {dag.py:3823} INFO - Setting next_dagrun for etl_cassandra_to_clickhouse to None, run_after=None
[2025-06-19T00:06:10.899+0000] {processor.py:183} INFO - Processing /opt/airflow/dags/cassandra_to_clickhouse_dag.py took 0.923 seconds
[2025-06-19T00:06:41.325+0000] {processor.py:161} INFO - Started process (PID=1289) to work on /opt/airflow/dags/cassandra_to_clickhouse_dag.py
[2025-06-19T00:06:41.327+0000] {processor.py:830} INFO - Processing file /opt/airflow/dags/cassandra_to_clickhouse_dag.py for tasks to queue
[2025-06-19T00:06:41.328+0000] {logging_mixin.py:188} INFO - [2025-06-19T00:06:41.328+0000] {dagbag.py:538} INFO - Filling up the DagBag from /opt/airflow/dags/cassandra_to_clickhouse_dag.py
[2025-06-19T00:06:42.203+0000] {processor.py:840} INFO - DAG(s) 'etl_cassandra_to_clickhouse' retrieved from /opt/airflow/dags/cassandra_to_clickhouse_dag.py
[2025-06-19T00:06:42.236+0000] {logging_mixin.py:188} INFO - [2025-06-19T00:06:42.235+0000] {dag.py:3036} INFO - Sync 1 DAGs
[2025-06-19T00:06:42.248+0000] {logging_mixin.py:188} INFO - [2025-06-19T00:06:42.248+0000] {dag.py:3823} INFO - Setting next_dagrun for etl_cassandra_to_clickhouse to None, run_after=None
[2025-06-19T00:06:42.278+0000] {processor.py:183} INFO - Processing /opt/airflow/dags/cassandra_to_clickhouse_dag.py took 0.957 seconds
[2025-06-19T00:07:12.722+0000] {processor.py:161} INFO - Started process (PID=1295) to work on /opt/airflow/dags/cassandra_to_clickhouse_dag.py
[2025-06-19T00:07:12.723+0000] {processor.py:830} INFO - Processing file /opt/airflow/dags/cassandra_to_clickhouse_dag.py for tasks to queue
[2025-06-19T00:07:12.725+0000] {logging_mixin.py:188} INFO - [2025-06-19T00:07:12.724+0000] {dagbag.py:538} INFO - Filling up the DagBag from /opt/airflow/dags/cassandra_to_clickhouse_dag.py
[2025-06-19T00:07:13.571+0000] {processor.py:840} INFO - DAG(s) 'etl_cassandra_to_clickhouse' retrieved from /opt/airflow/dags/cassandra_to_clickhouse_dag.py
[2025-06-19T00:07:13.601+0000] {logging_mixin.py:188} INFO - [2025-06-19T00:07:13.600+0000] {dag.py:3036} INFO - Sync 1 DAGs
[2025-06-19T00:07:13.615+0000] {logging_mixin.py:188} INFO - [2025-06-19T00:07:13.614+0000] {dag.py:3823} INFO - Setting next_dagrun for etl_cassandra_to_clickhouse to None, run_after=None
[2025-06-19T00:07:13.651+0000] {processor.py:183} INFO - Processing /opt/airflow/dags/cassandra_to_clickhouse_dag.py took 0.933 seconds
[2025-06-19T00:07:44.084+0000] {processor.py:161} INFO - Started process (PID=1301) to work on /opt/airflow/dags/cassandra_to_clickhouse_dag.py
[2025-06-19T00:07:44.086+0000] {processor.py:830} INFO - Processing file /opt/airflow/dags/cassandra_to_clickhouse_dag.py for tasks to queue
[2025-06-19T00:07:44.087+0000] {logging_mixin.py:188} INFO - [2025-06-19T00:07:44.087+0000] {dagbag.py:538} INFO - Filling up the DagBag from /opt/airflow/dags/cassandra_to_clickhouse_dag.py
[2025-06-19T00:07:45.089+0000] {processor.py:840} INFO - DAG(s) 'etl_cassandra_to_clickhouse' retrieved from /opt/airflow/dags/cassandra_to_clickhouse_dag.py
[2025-06-19T00:07:45.123+0000] {logging_mixin.py:188} INFO - [2025-06-19T00:07:45.122+0000] {dag.py:3036} INFO - Sync 1 DAGs
[2025-06-19T00:07:45.139+0000] {logging_mixin.py:188} INFO - [2025-06-19T00:07:45.138+0000] {dag.py:3823} INFO - Setting next_dagrun for etl_cassandra_to_clickhouse to None, run_after=None
[2025-06-19T00:07:45.166+0000] {processor.py:183} INFO - Processing /opt/airflow/dags/cassandra_to_clickhouse_dag.py took 1.086 seconds
[2025-06-19T00:08:15.515+0000] {processor.py:161} INFO - Started process (PID=1307) to work on /opt/airflow/dags/cassandra_to_clickhouse_dag.py
[2025-06-19T00:08:15.517+0000] {processor.py:830} INFO - Processing file /opt/airflow/dags/cassandra_to_clickhouse_dag.py for tasks to queue
[2025-06-19T00:08:15.518+0000] {logging_mixin.py:188} INFO - [2025-06-19T00:08:15.518+0000] {dagbag.py:538} INFO - Filling up the DagBag from /opt/airflow/dags/cassandra_to_clickhouse_dag.py
[2025-06-19T00:08:16.335+0000] {processor.py:840} INFO - DAG(s) 'etl_cassandra_to_clickhouse' retrieved from /opt/airflow/dags/cassandra_to_clickhouse_dag.py
[2025-06-19T00:08:16.367+0000] {logging_mixin.py:188} INFO - [2025-06-19T00:08:16.366+0000] {dag.py:3036} INFO - Sync 1 DAGs
[2025-06-19T00:08:16.379+0000] {logging_mixin.py:188} INFO - [2025-06-19T00:08:16.378+0000] {dag.py:3823} INFO - Setting next_dagrun for etl_cassandra_to_clickhouse to None, run_after=None
[2025-06-19T00:08:16.401+0000] {processor.py:183} INFO - Processing /opt/airflow/dags/cassandra_to_clickhouse_dag.py took 0.889 seconds
[2025-06-19T00:08:46.773+0000] {processor.py:161} INFO - Started process (PID=1313) to work on /opt/airflow/dags/cassandra_to_clickhouse_dag.py
[2025-06-19T00:08:46.774+0000] {processor.py:830} INFO - Processing file /opt/airflow/dags/cassandra_to_clickhouse_dag.py for tasks to queue
[2025-06-19T00:08:46.776+0000] {logging_mixin.py:188} INFO - [2025-06-19T00:08:46.775+0000] {dagbag.py:538} INFO - Filling up the DagBag from /opt/airflow/dags/cassandra_to_clickhouse_dag.py
[2025-06-19T00:08:47.704+0000] {processor.py:840} INFO - DAG(s) 'etl_cassandra_to_clickhouse' retrieved from /opt/airflow/dags/cassandra_to_clickhouse_dag.py
[2025-06-19T00:08:47.737+0000] {logging_mixin.py:188} INFO - [2025-06-19T00:08:47.736+0000] {dag.py:3036} INFO - Sync 1 DAGs
[2025-06-19T00:08:47.752+0000] {logging_mixin.py:188} INFO - [2025-06-19T00:08:47.751+0000] {dag.py:3823} INFO - Setting next_dagrun for etl_cassandra_to_clickhouse to None, run_after=None
[2025-06-19T00:08:47.781+0000] {processor.py:183} INFO - Processing /opt/airflow/dags/cassandra_to_clickhouse_dag.py took 1.014 seconds
[2025-06-19T00:09:18.148+0000] {processor.py:161} INFO - Started process (PID=1319) to work on /opt/airflow/dags/cassandra_to_clickhouse_dag.py
[2025-06-19T00:09:18.150+0000] {processor.py:830} INFO - Processing file /opt/airflow/dags/cassandra_to_clickhouse_dag.py for tasks to queue
[2025-06-19T00:09:18.151+0000] {logging_mixin.py:188} INFO - [2025-06-19T00:09:18.151+0000] {dagbag.py:538} INFO - Filling up the DagBag from /opt/airflow/dags/cassandra_to_clickhouse_dag.py
[2025-06-19T00:09:18.941+0000] {processor.py:840} INFO - DAG(s) 'etl_cassandra_to_clickhouse' retrieved from /opt/airflow/dags/cassandra_to_clickhouse_dag.py
[2025-06-19T00:09:18.971+0000] {logging_mixin.py:188} INFO - [2025-06-19T00:09:18.971+0000] {dag.py:3036} INFO - Sync 1 DAGs
[2025-06-19T00:09:18.983+0000] {logging_mixin.py:188} INFO - [2025-06-19T00:09:18.983+0000] {dag.py:3823} INFO - Setting next_dagrun for etl_cassandra_to_clickhouse to None, run_after=None
[2025-06-19T00:09:19.007+0000] {processor.py:183} INFO - Processing /opt/airflow/dags/cassandra_to_clickhouse_dag.py took 0.862 seconds
[2025-06-19T00:09:49.412+0000] {processor.py:161} INFO - Started process (PID=1325) to work on /opt/airflow/dags/cassandra_to_clickhouse_dag.py
[2025-06-19T00:09:49.414+0000] {processor.py:830} INFO - Processing file /opt/airflow/dags/cassandra_to_clickhouse_dag.py for tasks to queue
[2025-06-19T00:09:49.415+0000] {logging_mixin.py:188} INFO - [2025-06-19T00:09:49.415+0000] {dagbag.py:538} INFO - Filling up the DagBag from /opt/airflow/dags/cassandra_to_clickhouse_dag.py
[2025-06-19T00:09:50.213+0000] {processor.py:840} INFO - DAG(s) 'etl_cassandra_to_clickhouse' retrieved from /opt/airflow/dags/cassandra_to_clickhouse_dag.py
[2025-06-19T00:09:50.242+0000] {logging_mixin.py:188} INFO - [2025-06-19T00:09:50.242+0000] {dag.py:3036} INFO - Sync 1 DAGs
[2025-06-19T00:09:50.256+0000] {logging_mixin.py:188} INFO - [2025-06-19T00:09:50.256+0000] {dag.py:3823} INFO - Setting next_dagrun for etl_cassandra_to_clickhouse to None, run_after=None
[2025-06-19T00:09:50.279+0000] {processor.py:183} INFO - Processing /opt/airflow/dags/cassandra_to_clickhouse_dag.py took 0.871 seconds
[2025-06-19T00:10:20.689+0000] {processor.py:161} INFO - Started process (PID=1331) to work on /opt/airflow/dags/cassandra_to_clickhouse_dag.py
[2025-06-19T00:10:20.690+0000] {processor.py:830} INFO - Processing file /opt/airflow/dags/cassandra_to_clickhouse_dag.py for tasks to queue
[2025-06-19T00:10:20.692+0000] {logging_mixin.py:188} INFO - [2025-06-19T00:10:20.691+0000] {dagbag.py:538} INFO - Filling up the DagBag from /opt/airflow/dags/cassandra_to_clickhouse_dag.py
[2025-06-19T00:10:21.501+0000] {processor.py:840} INFO - DAG(s) 'etl_cassandra_to_clickhouse' retrieved from /opt/airflow/dags/cassandra_to_clickhouse_dag.py
[2025-06-19T00:10:21.533+0000] {logging_mixin.py:188} INFO - [2025-06-19T00:10:21.532+0000] {dag.py:3036} INFO - Sync 1 DAGs
[2025-06-19T00:10:21.545+0000] {logging_mixin.py:188} INFO - [2025-06-19T00:10:21.545+0000] {dag.py:3823} INFO - Setting next_dagrun for etl_cassandra_to_clickhouse to None, run_after=None
[2025-06-19T00:10:21.569+0000] {processor.py:183} INFO - Processing /opt/airflow/dags/cassandra_to_clickhouse_dag.py took 0.885 seconds
[2025-06-19T00:10:51.941+0000] {processor.py:161} INFO - Started process (PID=1337) to work on /opt/airflow/dags/cassandra_to_clickhouse_dag.py
[2025-06-19T00:10:51.942+0000] {processor.py:830} INFO - Processing file /opt/airflow/dags/cassandra_to_clickhouse_dag.py for tasks to queue
[2025-06-19T00:10:51.944+0000] {logging_mixin.py:188} INFO - [2025-06-19T00:10:51.943+0000] {dagbag.py:538} INFO - Filling up the DagBag from /opt/airflow/dags/cassandra_to_clickhouse_dag.py
[2025-06-19T00:10:52.937+0000] {processor.py:840} INFO - DAG(s) 'etl_cassandra_to_clickhouse' retrieved from /opt/airflow/dags/cassandra_to_clickhouse_dag.py
[2025-06-19T00:10:52.971+0000] {logging_mixin.py:188} INFO - [2025-06-19T00:10:52.970+0000] {dag.py:3036} INFO - Sync 1 DAGs
[2025-06-19T00:10:52.987+0000] {logging_mixin.py:188} INFO - [2025-06-19T00:10:52.986+0000] {dag.py:3823} INFO - Setting next_dagrun for etl_cassandra_to_clickhouse to None, run_after=None
[2025-06-19T00:10:53.013+0000] {processor.py:183} INFO - Processing /opt/airflow/dags/cassandra_to_clickhouse_dag.py took 1.077 seconds
[2025-06-19T00:11:23.250+0000] {processor.py:161} INFO - Started process (PID=1343) to work on /opt/airflow/dags/cassandra_to_clickhouse_dag.py
[2025-06-19T00:11:23.252+0000] {processor.py:830} INFO - Processing file /opt/airflow/dags/cassandra_to_clickhouse_dag.py for tasks to queue
[2025-06-19T00:11:23.253+0000] {logging_mixin.py:188} INFO - [2025-06-19T00:11:23.253+0000] {dagbag.py:538} INFO - Filling up the DagBag from /opt/airflow/dags/cassandra_to_clickhouse_dag.py
[2025-06-19T00:11:24.244+0000] {processor.py:840} INFO - DAG(s) 'etl_cassandra_to_clickhouse' retrieved from /opt/airflow/dags/cassandra_to_clickhouse_dag.py
[2025-06-19T00:11:24.276+0000] {logging_mixin.py:188} INFO - [2025-06-19T00:11:24.275+0000] {dag.py:3036} INFO - Sync 1 DAGs
[2025-06-19T00:11:24.288+0000] {logging_mixin.py:188} INFO - [2025-06-19T00:11:24.288+0000] {dag.py:3823} INFO - Setting next_dagrun for etl_cassandra_to_clickhouse to None, run_after=None
[2025-06-19T00:11:24.311+0000] {processor.py:183} INFO - Processing /opt/airflow/dags/cassandra_to_clickhouse_dag.py took 1.065 seconds
[2025-06-19T00:11:54.669+0000] {processor.py:161} INFO - Started process (PID=1349) to work on /opt/airflow/dags/cassandra_to_clickhouse_dag.py
[2025-06-19T00:11:54.670+0000] {processor.py:830} INFO - Processing file /opt/airflow/dags/cassandra_to_clickhouse_dag.py for tasks to queue
[2025-06-19T00:11:54.671+0000] {logging_mixin.py:188} INFO - [2025-06-19T00:11:54.671+0000] {dagbag.py:538} INFO - Filling up the DagBag from /opt/airflow/dags/cassandra_to_clickhouse_dag.py
[2025-06-19T00:11:55.462+0000] {processor.py:840} INFO - DAG(s) 'etl_cassandra_to_clickhouse' retrieved from /opt/airflow/dags/cassandra_to_clickhouse_dag.py
[2025-06-19T00:11:55.492+0000] {logging_mixin.py:188} INFO - [2025-06-19T00:11:55.492+0000] {dag.py:3036} INFO - Sync 1 DAGs
[2025-06-19T00:11:55.506+0000] {logging_mixin.py:188} INFO - [2025-06-19T00:11:55.505+0000] {dag.py:3823} INFO - Setting next_dagrun for etl_cassandra_to_clickhouse to None, run_after=None
[2025-06-19T00:11:55.531+0000] {processor.py:183} INFO - Processing /opt/airflow/dags/cassandra_to_clickhouse_dag.py took 0.865 seconds
[2025-06-19T00:12:25.895+0000] {processor.py:161} INFO - Started process (PID=1355) to work on /opt/airflow/dags/cassandra_to_clickhouse_dag.py
[2025-06-19T00:12:25.896+0000] {processor.py:830} INFO - Processing file /opt/airflow/dags/cassandra_to_clickhouse_dag.py for tasks to queue
[2025-06-19T00:12:25.898+0000] {logging_mixin.py:188} INFO - [2025-06-19T00:12:25.897+0000] {dagbag.py:538} INFO - Filling up the DagBag from /opt/airflow/dags/cassandra_to_clickhouse_dag.py
[2025-06-19T00:12:27.035+0000] {processor.py:840} INFO - DAG(s) 'etl_cassandra_to_clickhouse' retrieved from /opt/airflow/dags/cassandra_to_clickhouse_dag.py
[2025-06-19T00:12:27.093+0000] {logging_mixin.py:188} INFO - [2025-06-19T00:12:27.092+0000] {dag.py:3036} INFO - Sync 1 DAGs
[2025-06-19T00:12:27.119+0000] {logging_mixin.py:188} INFO - [2025-06-19T00:12:27.119+0000] {dag.py:3823} INFO - Setting next_dagrun for etl_cassandra_to_clickhouse to None, run_after=None
[2025-06-19T00:12:27.154+0000] {processor.py:183} INFO - Processing /opt/airflow/dags/cassandra_to_clickhouse_dag.py took 1.263 seconds
[2025-06-19T00:12:57.260+0000] {processor.py:161} INFO - Started process (PID=1361) to work on /opt/airflow/dags/cassandra_to_clickhouse_dag.py
[2025-06-19T00:12:57.262+0000] {processor.py:830} INFO - Processing file /opt/airflow/dags/cassandra_to_clickhouse_dag.py for tasks to queue
[2025-06-19T00:12:57.264+0000] {logging_mixin.py:188} INFO - [2025-06-19T00:12:57.264+0000] {dagbag.py:538} INFO - Filling up the DagBag from /opt/airflow/dags/cassandra_to_clickhouse_dag.py
[2025-06-19T00:12:58.358+0000] {processor.py:840} INFO - DAG(s) 'etl_cassandra_to_clickhouse' retrieved from /opt/airflow/dags/cassandra_to_clickhouse_dag.py
[2025-06-19T00:12:58.405+0000] {logging_mixin.py:188} INFO - [2025-06-19T00:12:58.405+0000] {dag.py:3036} INFO - Sync 1 DAGs
[2025-06-19T00:12:58.424+0000] {logging_mixin.py:188} INFO - [2025-06-19T00:12:58.424+0000] {dag.py:3823} INFO - Setting next_dagrun for etl_cassandra_to_clickhouse to None, run_after=None
[2025-06-19T00:12:58.460+0000] {processor.py:183} INFO - Processing /opt/airflow/dags/cassandra_to_clickhouse_dag.py took 1.204 seconds
[2025-06-19T00:13:28.926+0000] {processor.py:161} INFO - Started process (PID=1367) to work on /opt/airflow/dags/cassandra_to_clickhouse_dag.py
[2025-06-19T00:13:28.927+0000] {processor.py:830} INFO - Processing file /opt/airflow/dags/cassandra_to_clickhouse_dag.py for tasks to queue
[2025-06-19T00:13:28.928+0000] {logging_mixin.py:188} INFO - [2025-06-19T00:13:28.928+0000] {dagbag.py:538} INFO - Filling up the DagBag from /opt/airflow/dags/cassandra_to_clickhouse_dag.py
[2025-06-19T00:13:29.898+0000] {processor.py:840} INFO - DAG(s) 'etl_cassandra_to_clickhouse' retrieved from /opt/airflow/dags/cassandra_to_clickhouse_dag.py
[2025-06-19T00:13:29.933+0000] {logging_mixin.py:188} INFO - [2025-06-19T00:13:29.932+0000] {dag.py:3036} INFO - Sync 1 DAGs
[2025-06-19T00:13:29.946+0000] {logging_mixin.py:188} INFO - [2025-06-19T00:13:29.946+0000] {dag.py:3823} INFO - Setting next_dagrun for etl_cassandra_to_clickhouse to None, run_after=None
[2025-06-19T00:13:29.976+0000] {processor.py:183} INFO - Processing /opt/airflow/dags/cassandra_to_clickhouse_dag.py took 1.055 seconds
[2025-06-19T00:14:00.263+0000] {processor.py:161} INFO - Started process (PID=1373) to work on /opt/airflow/dags/cassandra_to_clickhouse_dag.py
[2025-06-19T00:14:00.265+0000] {processor.py:830} INFO - Processing file /opt/airflow/dags/cassandra_to_clickhouse_dag.py for tasks to queue
[2025-06-19T00:14:00.267+0000] {logging_mixin.py:188} INFO - [2025-06-19T00:14:00.266+0000] {dagbag.py:538} INFO - Filling up the DagBag from /opt/airflow/dags/cassandra_to_clickhouse_dag.py
[2025-06-19T00:14:01.115+0000] {processor.py:840} INFO - DAG(s) 'etl_cassandra_to_clickhouse' retrieved from /opt/airflow/dags/cassandra_to_clickhouse_dag.py
[2025-06-19T00:14:01.146+0000] {logging_mixin.py:188} INFO - [2025-06-19T00:14:01.145+0000] {dag.py:3036} INFO - Sync 1 DAGs
[2025-06-19T00:14:01.159+0000] {logging_mixin.py:188} INFO - [2025-06-19T00:14:01.159+0000] {dag.py:3823} INFO - Setting next_dagrun for etl_cassandra_to_clickhouse to None, run_after=None
[2025-06-19T00:14:01.185+0000] {processor.py:183} INFO - Processing /opt/airflow/dags/cassandra_to_clickhouse_dag.py took 0.926 seconds
[2025-06-19T00:14:31.562+0000] {processor.py:161} INFO - Started process (PID=1379) to work on /opt/airflow/dags/cassandra_to_clickhouse_dag.py
[2025-06-19T00:14:31.563+0000] {processor.py:830} INFO - Processing file /opt/airflow/dags/cassandra_to_clickhouse_dag.py for tasks to queue
[2025-06-19T00:14:31.564+0000] {logging_mixin.py:188} INFO - [2025-06-19T00:14:31.564+0000] {dagbag.py:538} INFO - Filling up the DagBag from /opt/airflow/dags/cassandra_to_clickhouse_dag.py
[2025-06-19T00:14:32.376+0000] {processor.py:840} INFO - DAG(s) 'etl_cassandra_to_clickhouse' retrieved from /opt/airflow/dags/cassandra_to_clickhouse_dag.py
[2025-06-19T00:14:32.412+0000] {logging_mixin.py:188} INFO - [2025-06-19T00:14:32.411+0000] {dag.py:3036} INFO - Sync 1 DAGs
[2025-06-19T00:14:32.424+0000] {logging_mixin.py:188} INFO - [2025-06-19T00:14:32.424+0000] {dag.py:3823} INFO - Setting next_dagrun for etl_cassandra_to_clickhouse to None, run_after=None
[2025-06-19T00:14:32.447+0000] {processor.py:183} INFO - Processing /opt/airflow/dags/cassandra_to_clickhouse_dag.py took 0.888 seconds
[2025-06-19T00:15:02.750+0000] {processor.py:161} INFO - Started process (PID=1385) to work on /opt/airflow/dags/cassandra_to_clickhouse_dag.py
[2025-06-19T00:15:02.752+0000] {processor.py:830} INFO - Processing file /opt/airflow/dags/cassandra_to_clickhouse_dag.py for tasks to queue
[2025-06-19T00:15:02.754+0000] {logging_mixin.py:188} INFO - [2025-06-19T00:15:02.754+0000] {dagbag.py:538} INFO - Filling up the DagBag from /opt/airflow/dags/cassandra_to_clickhouse_dag.py
[2025-06-19T00:15:03.734+0000] {processor.py:840} INFO - DAG(s) 'etl_cassandra_to_clickhouse' retrieved from /opt/airflow/dags/cassandra_to_clickhouse_dag.py
[2025-06-19T00:15:03.769+0000] {logging_mixin.py:188} INFO - [2025-06-19T00:15:03.768+0000] {dag.py:3036} INFO - Sync 1 DAGs
[2025-06-19T00:15:03.785+0000] {logging_mixin.py:188} INFO - [2025-06-19T00:15:03.785+0000] {dag.py:3823} INFO - Setting next_dagrun for etl_cassandra_to_clickhouse to None, run_after=None
[2025-06-19T00:15:03.812+0000] {processor.py:183} INFO - Processing /opt/airflow/dags/cassandra_to_clickhouse_dag.py took 1.066 seconds
[2025-06-19T00:15:34.177+0000] {processor.py:161} INFO - Started process (PID=1391) to work on /opt/airflow/dags/cassandra_to_clickhouse_dag.py
[2025-06-19T00:15:34.178+0000] {processor.py:830} INFO - Processing file /opt/airflow/dags/cassandra_to_clickhouse_dag.py for tasks to queue
[2025-06-19T00:15:34.180+0000] {logging_mixin.py:188} INFO - [2025-06-19T00:15:34.179+0000] {dagbag.py:538} INFO - Filling up the DagBag from /opt/airflow/dags/cassandra_to_clickhouse_dag.py
[2025-06-19T00:15:34.981+0000] {processor.py:840} INFO - DAG(s) 'etl_cassandra_to_clickhouse' retrieved from /opt/airflow/dags/cassandra_to_clickhouse_dag.py
[2025-06-19T00:15:35.010+0000] {logging_mixin.py:188} INFO - [2025-06-19T00:15:35.009+0000] {dag.py:3036} INFO - Sync 1 DAGs
[2025-06-19T00:15:35.022+0000] {logging_mixin.py:188} INFO - [2025-06-19T00:15:35.022+0000] {dag.py:3823} INFO - Setting next_dagrun for etl_cassandra_to_clickhouse to None, run_after=None
[2025-06-19T00:15:35.053+0000] {processor.py:183} INFO - Processing /opt/airflow/dags/cassandra_to_clickhouse_dag.py took 0.880 seconds
[2025-06-19T00:16:05.430+0000] {processor.py:161} INFO - Started process (PID=1397) to work on /opt/airflow/dags/cassandra_to_clickhouse_dag.py
[2025-06-19T00:16:05.432+0000] {processor.py:830} INFO - Processing file /opt/airflow/dags/cassandra_to_clickhouse_dag.py for tasks to queue
[2025-06-19T00:16:05.433+0000] {logging_mixin.py:188} INFO - [2025-06-19T00:16:05.433+0000] {dagbag.py:538} INFO - Filling up the DagBag from /opt/airflow/dags/cassandra_to_clickhouse_dag.py
[2025-06-19T00:16:06.271+0000] {processor.py:840} INFO - DAG(s) 'etl_cassandra_to_clickhouse' retrieved from /opt/airflow/dags/cassandra_to_clickhouse_dag.py
[2025-06-19T00:16:06.302+0000] {logging_mixin.py:188} INFO - [2025-06-19T00:16:06.301+0000] {dag.py:3036} INFO - Sync 1 DAGs
[2025-06-19T00:16:06.316+0000] {logging_mixin.py:188} INFO - [2025-06-19T00:16:06.315+0000] {dag.py:3823} INFO - Setting next_dagrun for etl_cassandra_to_clickhouse to None, run_after=None
[2025-06-19T00:16:06.349+0000] {processor.py:183} INFO - Processing /opt/airflow/dags/cassandra_to_clickhouse_dag.py took 0.926 seconds
[2025-06-19T00:16:36.733+0000] {processor.py:161} INFO - Started process (PID=1403) to work on /opt/airflow/dags/cassandra_to_clickhouse_dag.py
[2025-06-19T00:16:36.734+0000] {processor.py:830} INFO - Processing file /opt/airflow/dags/cassandra_to_clickhouse_dag.py for tasks to queue
[2025-06-19T00:16:36.736+0000] {logging_mixin.py:188} INFO - [2025-06-19T00:16:36.735+0000] {dagbag.py:538} INFO - Filling up the DagBag from /opt/airflow/dags/cassandra_to_clickhouse_dag.py
[2025-06-19T00:16:37.612+0000] {processor.py:840} INFO - DAG(s) 'etl_cassandra_to_clickhouse' retrieved from /opt/airflow/dags/cassandra_to_clickhouse_dag.py
[2025-06-19T00:16:37.646+0000] {logging_mixin.py:188} INFO - [2025-06-19T00:16:37.646+0000] {dag.py:3036} INFO - Sync 1 DAGs
[2025-06-19T00:16:37.660+0000] {logging_mixin.py:188} INFO - [2025-06-19T00:16:37.660+0000] {dag.py:3823} INFO - Setting next_dagrun for etl_cassandra_to_clickhouse to None, run_after=None
[2025-06-19T00:16:37.690+0000] {processor.py:183} INFO - Processing /opt/airflow/dags/cassandra_to_clickhouse_dag.py took 0.960 seconds
[2025-06-19T00:17:08.083+0000] {processor.py:161} INFO - Started process (PID=1409) to work on /opt/airflow/dags/cassandra_to_clickhouse_dag.py
[2025-06-19T00:17:08.085+0000] {processor.py:830} INFO - Processing file /opt/airflow/dags/cassandra_to_clickhouse_dag.py for tasks to queue
[2025-06-19T00:17:08.086+0000] {logging_mixin.py:188} INFO - [2025-06-19T00:17:08.086+0000] {dagbag.py:538} INFO - Filling up the DagBag from /opt/airflow/dags/cassandra_to_clickhouse_dag.py
[2025-06-19T00:17:08.984+0000] {processor.py:840} INFO - DAG(s) 'etl_cassandra_to_clickhouse' retrieved from /opt/airflow/dags/cassandra_to_clickhouse_dag.py
[2025-06-19T00:17:09.018+0000] {logging_mixin.py:188} INFO - [2025-06-19T00:17:09.018+0000] {dag.py:3036} INFO - Sync 1 DAGs
[2025-06-19T00:17:09.032+0000] {logging_mixin.py:188} INFO - [2025-06-19T00:17:09.032+0000] {dag.py:3823} INFO - Setting next_dagrun for etl_cassandra_to_clickhouse to None, run_after=None
[2025-06-19T00:17:09.061+0000] {processor.py:183} INFO - Processing /opt/airflow/dags/cassandra_to_clickhouse_dag.py took 0.981 seconds
[2025-06-19T00:17:39.475+0000] {processor.py:161} INFO - Started process (PID=1415) to work on /opt/airflow/dags/cassandra_to_clickhouse_dag.py
[2025-06-19T00:17:39.476+0000] {processor.py:830} INFO - Processing file /opt/airflow/dags/cassandra_to_clickhouse_dag.py for tasks to queue
[2025-06-19T00:17:39.477+0000] {logging_mixin.py:188} INFO - [2025-06-19T00:17:39.477+0000] {dagbag.py:538} INFO - Filling up the DagBag from /opt/airflow/dags/cassandra_to_clickhouse_dag.py
[2025-06-19T00:17:40.372+0000] {processor.py:840} INFO - DAG(s) 'etl_cassandra_to_clickhouse' retrieved from /opt/airflow/dags/cassandra_to_clickhouse_dag.py
[2025-06-19T00:17:40.401+0000] {logging_mixin.py:188} INFO - [2025-06-19T00:17:40.401+0000] {dag.py:3036} INFO - Sync 1 DAGs
[2025-06-19T00:17:40.413+0000] {logging_mixin.py:188} INFO - [2025-06-19T00:17:40.413+0000] {dag.py:3823} INFO - Setting next_dagrun for etl_cassandra_to_clickhouse to None, run_after=None
[2025-06-19T00:17:40.438+0000] {processor.py:183} INFO - Processing /opt/airflow/dags/cassandra_to_clickhouse_dag.py took 0.967 seconds
[2025-06-19T00:18:10.835+0000] {processor.py:161} INFO - Started process (PID=1421) to work on /opt/airflow/dags/cassandra_to_clickhouse_dag.py
[2025-06-19T00:18:10.836+0000] {processor.py:830} INFO - Processing file /opt/airflow/dags/cassandra_to_clickhouse_dag.py for tasks to queue
[2025-06-19T00:18:10.837+0000] {logging_mixin.py:188} INFO - [2025-06-19T00:18:10.837+0000] {dagbag.py:538} INFO - Filling up the DagBag from /opt/airflow/dags/cassandra_to_clickhouse_dag.py
[2025-06-19T00:18:11.650+0000] {processor.py:840} INFO - DAG(s) 'etl_cassandra_to_clickhouse' retrieved from /opt/airflow/dags/cassandra_to_clickhouse_dag.py
[2025-06-19T00:18:11.684+0000] {logging_mixin.py:188} INFO - [2025-06-19T00:18:11.683+0000] {dag.py:3036} INFO - Sync 1 DAGs
[2025-06-19T00:18:11.698+0000] {logging_mixin.py:188} INFO - [2025-06-19T00:18:11.698+0000] {dag.py:3823} INFO - Setting next_dagrun for etl_cassandra_to_clickhouse to None, run_after=None
[2025-06-19T00:18:11.723+0000] {processor.py:183} INFO - Processing /opt/airflow/dags/cassandra_to_clickhouse_dag.py took 0.892 seconds
[2025-06-19T00:18:42.092+0000] {processor.py:161} INFO - Started process (PID=1427) to work on /opt/airflow/dags/cassandra_to_clickhouse_dag.py
[2025-06-19T00:18:42.093+0000] {processor.py:830} INFO - Processing file /opt/airflow/dags/cassandra_to_clickhouse_dag.py for tasks to queue
[2025-06-19T00:18:42.095+0000] {logging_mixin.py:188} INFO - [2025-06-19T00:18:42.094+0000] {dagbag.py:538} INFO - Filling up the DagBag from /opt/airflow/dags/cassandra_to_clickhouse_dag.py
[2025-06-19T00:18:43.079+0000] {processor.py:840} INFO - DAG(s) 'etl_cassandra_to_clickhouse' retrieved from /opt/airflow/dags/cassandra_to_clickhouse_dag.py
[2025-06-19T00:18:43.114+0000] {logging_mixin.py:188} INFO - [2025-06-19T00:18:43.113+0000] {dag.py:3036} INFO - Sync 1 DAGs
[2025-06-19T00:18:43.127+0000] {logging_mixin.py:188} INFO - [2025-06-19T00:18:43.127+0000] {dag.py:3823} INFO - Setting next_dagrun for etl_cassandra_to_clickhouse to None, run_after=None
[2025-06-19T00:18:43.165+0000] {processor.py:183} INFO - Processing /opt/airflow/dags/cassandra_to_clickhouse_dag.py took 1.077 seconds
[2025-06-19T00:19:13.405+0000] {processor.py:161} INFO - Started process (PID=1433) to work on /opt/airflow/dags/cassandra_to_clickhouse_dag.py
[2025-06-19T00:19:13.407+0000] {processor.py:830} INFO - Processing file /opt/airflow/dags/cassandra_to_clickhouse_dag.py for tasks to queue
[2025-06-19T00:19:13.409+0000] {logging_mixin.py:188} INFO - [2025-06-19T00:19:13.408+0000] {dagbag.py:538} INFO - Filling up the DagBag from /opt/airflow/dags/cassandra_to_clickhouse_dag.py
[2025-06-19T00:19:14.230+0000] {processor.py:840} INFO - DAG(s) 'etl_cassandra_to_clickhouse' retrieved from /opt/airflow/dags/cassandra_to_clickhouse_dag.py
[2025-06-19T00:19:14.263+0000] {logging_mixin.py:188} INFO - [2025-06-19T00:19:14.262+0000] {dag.py:3036} INFO - Sync 1 DAGs
[2025-06-19T00:19:14.277+0000] {logging_mixin.py:188} INFO - [2025-06-19T00:19:14.277+0000] {dag.py:3823} INFO - Setting next_dagrun for etl_cassandra_to_clickhouse to None, run_after=None
[2025-06-19T00:19:14.301+0000] {processor.py:183} INFO - Processing /opt/airflow/dags/cassandra_to_clickhouse_dag.py took 0.900 seconds
[2025-06-19T00:19:44.690+0000] {processor.py:161} INFO - Started process (PID=1439) to work on /opt/airflow/dags/cassandra_to_clickhouse_dag.py
[2025-06-19T00:19:44.692+0000] {processor.py:830} INFO - Processing file /opt/airflow/dags/cassandra_to_clickhouse_dag.py for tasks to queue
[2025-06-19T00:19:44.693+0000] {logging_mixin.py:188} INFO - [2025-06-19T00:19:44.693+0000] {dagbag.py:538} INFO - Filling up the DagBag from /opt/airflow/dags/cassandra_to_clickhouse_dag.py
[2025-06-19T00:19:45.711+0000] {processor.py:840} INFO - DAG(s) 'etl_cassandra_to_clickhouse' retrieved from /opt/airflow/dags/cassandra_to_clickhouse_dag.py
[2025-06-19T00:19:45.743+0000] {logging_mixin.py:188} INFO - [2025-06-19T00:19:45.742+0000] {dag.py:3036} INFO - Sync 1 DAGs
[2025-06-19T00:19:45.758+0000] {logging_mixin.py:188} INFO - [2025-06-19T00:19:45.758+0000] {dag.py:3823} INFO - Setting next_dagrun for etl_cassandra_to_clickhouse to None, run_after=None
[2025-06-19T00:19:45.809+0000] {processor.py:183} INFO - Processing /opt/airflow/dags/cassandra_to_clickhouse_dag.py took 1.123 seconds
[2025-06-19T00:20:16.029+0000] {processor.py:161} INFO - Started process (PID=1445) to work on /opt/airflow/dags/cassandra_to_clickhouse_dag.py
[2025-06-19T00:20:16.030+0000] {processor.py:830} INFO - Processing file /opt/airflow/dags/cassandra_to_clickhouse_dag.py for tasks to queue
[2025-06-19T00:20:16.031+0000] {logging_mixin.py:188} INFO - [2025-06-19T00:20:16.031+0000] {dagbag.py:538} INFO - Filling up the DagBag from /opt/airflow/dags/cassandra_to_clickhouse_dag.py
[2025-06-19T00:20:16.846+0000] {processor.py:840} INFO - DAG(s) 'etl_cassandra_to_clickhouse' retrieved from /opt/airflow/dags/cassandra_to_clickhouse_dag.py
[2025-06-19T00:20:16.882+0000] {logging_mixin.py:188} INFO - [2025-06-19T00:20:16.881+0000] {dag.py:3036} INFO - Sync 1 DAGs
[2025-06-19T00:20:16.899+0000] {logging_mixin.py:188} INFO - [2025-06-19T00:20:16.899+0000] {dag.py:3823} INFO - Setting next_dagrun for etl_cassandra_to_clickhouse to None, run_after=None
[2025-06-19T00:20:16.929+0000] {processor.py:183} INFO - Processing /opt/airflow/dags/cassandra_to_clickhouse_dag.py took 0.905 seconds
[2025-06-19T00:20:47.275+0000] {processor.py:161} INFO - Started process (PID=1451) to work on /opt/airflow/dags/cassandra_to_clickhouse_dag.py
[2025-06-19T00:20:47.276+0000] {processor.py:830} INFO - Processing file /opt/airflow/dags/cassandra_to_clickhouse_dag.py for tasks to queue
[2025-06-19T00:20:47.278+0000] {logging_mixin.py:188} INFO - [2025-06-19T00:20:47.277+0000] {dagbag.py:538} INFO - Filling up the DagBag from /opt/airflow/dags/cassandra_to_clickhouse_dag.py
[2025-06-19T00:20:48.084+0000] {processor.py:840} INFO - DAG(s) 'etl_cassandra_to_clickhouse' retrieved from /opt/airflow/dags/cassandra_to_clickhouse_dag.py
[2025-06-19T00:20:48.116+0000] {logging_mixin.py:188} INFO - [2025-06-19T00:20:48.116+0000] {dag.py:3036} INFO - Sync 1 DAGs
[2025-06-19T00:20:48.129+0000] {logging_mixin.py:188} INFO - [2025-06-19T00:20:48.128+0000] {dag.py:3823} INFO - Setting next_dagrun for etl_cassandra_to_clickhouse to None, run_after=None
[2025-06-19T00:20:48.155+0000] {processor.py:183} INFO - Processing /opt/airflow/dags/cassandra_to_clickhouse_dag.py took 0.885 seconds
[2025-06-19T00:21:18.536+0000] {processor.py:161} INFO - Started process (PID=1457) to work on /opt/airflow/dags/cassandra_to_clickhouse_dag.py
[2025-06-19T00:21:18.540+0000] {processor.py:830} INFO - Processing file /opt/airflow/dags/cassandra_to_clickhouse_dag.py for tasks to queue
[2025-06-19T00:21:18.542+0000] {logging_mixin.py:188} INFO - [2025-06-19T00:21:18.541+0000] {dagbag.py:538} INFO - Filling up the DagBag from /opt/airflow/dags/cassandra_to_clickhouse_dag.py
[2025-06-19T00:21:19.375+0000] {processor.py:840} INFO - DAG(s) 'etl_cassandra_to_clickhouse' retrieved from /opt/airflow/dags/cassandra_to_clickhouse_dag.py
[2025-06-19T00:21:19.406+0000] {logging_mixin.py:188} INFO - [2025-06-19T00:21:19.405+0000] {dag.py:3036} INFO - Sync 1 DAGs
[2025-06-19T00:21:19.419+0000] {logging_mixin.py:188} INFO - [2025-06-19T00:21:19.419+0000] {dag.py:3823} INFO - Setting next_dagrun for etl_cassandra_to_clickhouse to None, run_after=None
[2025-06-19T00:21:19.443+0000] {processor.py:183} INFO - Processing /opt/airflow/dags/cassandra_to_clickhouse_dag.py took 0.913 seconds
[2025-06-19T00:21:49.846+0000] {processor.py:161} INFO - Started process (PID=1463) to work on /opt/airflow/dags/cassandra_to_clickhouse_dag.py
[2025-06-19T00:21:49.847+0000] {processor.py:830} INFO - Processing file /opt/airflow/dags/cassandra_to_clickhouse_dag.py for tasks to queue
[2025-06-19T00:21:49.849+0000] {logging_mixin.py:188} INFO - [2025-06-19T00:21:49.848+0000] {dagbag.py:538} INFO - Filling up the DagBag from /opt/airflow/dags/cassandra_to_clickhouse_dag.py
[2025-06-19T00:21:50.735+0000] {processor.py:840} INFO - DAG(s) 'etl_cassandra_to_clickhouse' retrieved from /opt/airflow/dags/cassandra_to_clickhouse_dag.py
[2025-06-19T00:21:50.767+0000] {logging_mixin.py:188} INFO - [2025-06-19T00:21:50.767+0000] {dag.py:3036} INFO - Sync 1 DAGs
[2025-06-19T00:21:50.780+0000] {logging_mixin.py:188} INFO - [2025-06-19T00:21:50.780+0000] {dag.py:3823} INFO - Setting next_dagrun for etl_cassandra_to_clickhouse to None, run_after=None
[2025-06-19T00:21:50.804+0000] {processor.py:183} INFO - Processing /opt/airflow/dags/cassandra_to_clickhouse_dag.py took 0.962 seconds
[2025-06-19T00:22:21.254+0000] {processor.py:161} INFO - Started process (PID=1469) to work on /opt/airflow/dags/cassandra_to_clickhouse_dag.py
[2025-06-19T00:22:21.256+0000] {processor.py:830} INFO - Processing file /opt/airflow/dags/cassandra_to_clickhouse_dag.py for tasks to queue
[2025-06-19T00:22:21.258+0000] {logging_mixin.py:188} INFO - [2025-06-19T00:22:21.258+0000] {dagbag.py:538} INFO - Filling up the DagBag from /opt/airflow/dags/cassandra_to_clickhouse_dag.py
[2025-06-19T00:22:22.170+0000] {processor.py:840} INFO - DAG(s) 'etl_cassandra_to_clickhouse' retrieved from /opt/airflow/dags/cassandra_to_clickhouse_dag.py
[2025-06-19T00:22:22.201+0000] {logging_mixin.py:188} INFO - [2025-06-19T00:22:22.201+0000] {dag.py:3036} INFO - Sync 1 DAGs
[2025-06-19T00:22:22.216+0000] {logging_mixin.py:188} INFO - [2025-06-19T00:22:22.216+0000] {dag.py:3823} INFO - Setting next_dagrun for etl_cassandra_to_clickhouse to None, run_after=None
[2025-06-19T00:22:22.245+0000] {processor.py:183} INFO - Processing /opt/airflow/dags/cassandra_to_clickhouse_dag.py took 0.996 seconds
[2025-06-19T00:22:52.599+0000] {processor.py:161} INFO - Started process (PID=1475) to work on /opt/airflow/dags/cassandra_to_clickhouse_dag.py
[2025-06-19T00:22:52.603+0000] {processor.py:830} INFO - Processing file /opt/airflow/dags/cassandra_to_clickhouse_dag.py for tasks to queue
[2025-06-19T00:22:52.606+0000] {logging_mixin.py:188} INFO - [2025-06-19T00:22:52.605+0000] {dagbag.py:538} INFO - Filling up the DagBag from /opt/airflow/dags/cassandra_to_clickhouse_dag.py
[2025-06-19T00:22:53.590+0000] {processor.py:840} INFO - DAG(s) 'etl_cassandra_to_clickhouse' retrieved from /opt/airflow/dags/cassandra_to_clickhouse_dag.py
[2025-06-19T00:22:53.627+0000] {logging_mixin.py:188} INFO - [2025-06-19T00:22:53.627+0000] {dag.py:3036} INFO - Sync 1 DAGs
[2025-06-19T00:22:53.641+0000] {logging_mixin.py:188} INFO - [2025-06-19T00:22:53.641+0000] {dag.py:3823} INFO - Setting next_dagrun for etl_cassandra_to_clickhouse to None, run_after=None
[2025-06-19T00:22:53.672+0000] {processor.py:183} INFO - Processing /opt/airflow/dags/cassandra_to_clickhouse_dag.py took 1.080 seconds
[2025-06-19T00:23:23.957+0000] {processor.py:161} INFO - Started process (PID=1481) to work on /opt/airflow/dags/cassandra_to_clickhouse_dag.py
[2025-06-19T00:23:23.959+0000] {processor.py:830} INFO - Processing file /opt/airflow/dags/cassandra_to_clickhouse_dag.py for tasks to queue
[2025-06-19T00:23:23.960+0000] {logging_mixin.py:188} INFO - [2025-06-19T00:23:23.960+0000] {dagbag.py:538} INFO - Filling up the DagBag from /opt/airflow/dags/cassandra_to_clickhouse_dag.py
[2025-06-19T00:23:24.968+0000] {processor.py:840} INFO - DAG(s) 'etl_cassandra_to_clickhouse' retrieved from /opt/airflow/dags/cassandra_to_clickhouse_dag.py
[2025-06-19T00:23:25.002+0000] {logging_mixin.py:188} INFO - [2025-06-19T00:23:25.001+0000] {dag.py:3036} INFO - Sync 1 DAGs
[2025-06-19T00:23:25.014+0000] {logging_mixin.py:188} INFO - [2025-06-19T00:23:25.014+0000] {dag.py:3823} INFO - Setting next_dagrun for etl_cassandra_to_clickhouse to None, run_after=None
[2025-06-19T00:23:25.048+0000] {processor.py:183} INFO - Processing /opt/airflow/dags/cassandra_to_clickhouse_dag.py took 1.095 seconds
[2025-06-19T00:23:55.347+0000] {processor.py:161} INFO - Started process (PID=1487) to work on /opt/airflow/dags/cassandra_to_clickhouse_dag.py
[2025-06-19T00:23:55.348+0000] {processor.py:830} INFO - Processing file /opt/airflow/dags/cassandra_to_clickhouse_dag.py for tasks to queue
[2025-06-19T00:23:55.350+0000] {logging_mixin.py:188} INFO - [2025-06-19T00:23:55.349+0000] {dagbag.py:538} INFO - Filling up the DagBag from /opt/airflow/dags/cassandra_to_clickhouse_dag.py
[2025-06-19T00:23:56.170+0000] {processor.py:840} INFO - DAG(s) 'etl_cassandra_to_clickhouse' retrieved from /opt/airflow/dags/cassandra_to_clickhouse_dag.py
[2025-06-19T00:23:56.201+0000] {logging_mixin.py:188} INFO - [2025-06-19T00:23:56.201+0000] {dag.py:3036} INFO - Sync 1 DAGs
[2025-06-19T00:23:56.214+0000] {logging_mixin.py:188} INFO - [2025-06-19T00:23:56.214+0000] {dag.py:3823} INFO - Setting next_dagrun for etl_cassandra_to_clickhouse to None, run_after=None
[2025-06-19T00:23:56.242+0000] {processor.py:183} INFO - Processing /opt/airflow/dags/cassandra_to_clickhouse_dag.py took 0.899 seconds
[2025-06-19T00:24:26.664+0000] {processor.py:161} INFO - Started process (PID=1493) to work on /opt/airflow/dags/cassandra_to_clickhouse_dag.py
[2025-06-19T00:24:26.665+0000] {processor.py:830} INFO - Processing file /opt/airflow/dags/cassandra_to_clickhouse_dag.py for tasks to queue
[2025-06-19T00:24:26.667+0000] {logging_mixin.py:188} INFO - [2025-06-19T00:24:26.666+0000] {dagbag.py:538} INFO - Filling up the DagBag from /opt/airflow/dags/cassandra_to_clickhouse_dag.py
[2025-06-19T00:24:27.477+0000] {processor.py:840} INFO - DAG(s) 'etl_cassandra_to_clickhouse' retrieved from /opt/airflow/dags/cassandra_to_clickhouse_dag.py
[2025-06-19T00:24:27.509+0000] {logging_mixin.py:188} INFO - [2025-06-19T00:24:27.508+0000] {dag.py:3036} INFO - Sync 1 DAGs
[2025-06-19T00:24:27.523+0000] {logging_mixin.py:188} INFO - [2025-06-19T00:24:27.522+0000] {dag.py:3823} INFO - Setting next_dagrun for etl_cassandra_to_clickhouse to None, run_after=None
[2025-06-19T00:24:27.552+0000] {processor.py:183} INFO - Processing /opt/airflow/dags/cassandra_to_clickhouse_dag.py took 0.892 seconds
[2025-06-19T00:24:57.884+0000] {processor.py:161} INFO - Started process (PID=1499) to work on /opt/airflow/dags/cassandra_to_clickhouse_dag.py
[2025-06-19T00:24:57.886+0000] {processor.py:830} INFO - Processing file /opt/airflow/dags/cassandra_to_clickhouse_dag.py for tasks to queue
[2025-06-19T00:24:57.887+0000] {logging_mixin.py:188} INFO - [2025-06-19T00:24:57.887+0000] {dagbag.py:538} INFO - Filling up the DagBag from /opt/airflow/dags/cassandra_to_clickhouse_dag.py
[2025-06-19T00:24:58.735+0000] {processor.py:840} INFO - DAG(s) 'etl_cassandra_to_clickhouse' retrieved from /opt/airflow/dags/cassandra_to_clickhouse_dag.py
[2025-06-19T00:24:58.768+0000] {logging_mixin.py:188} INFO - [2025-06-19T00:24:58.768+0000] {dag.py:3036} INFO - Sync 1 DAGs
[2025-06-19T00:24:58.782+0000] {logging_mixin.py:188} INFO - [2025-06-19T00:24:58.782+0000] {dag.py:3823} INFO - Setting next_dagrun for etl_cassandra_to_clickhouse to None, run_after=None
[2025-06-19T00:24:58.808+0000] {processor.py:183} INFO - Processing /opt/airflow/dags/cassandra_to_clickhouse_dag.py took 0.927 seconds
[2025-06-19T00:25:29.209+0000] {processor.py:161} INFO - Started process (PID=1505) to work on /opt/airflow/dags/cassandra_to_clickhouse_dag.py
[2025-06-19T00:25:29.210+0000] {processor.py:830} INFO - Processing file /opt/airflow/dags/cassandra_to_clickhouse_dag.py for tasks to queue
[2025-06-19T00:25:29.212+0000] {logging_mixin.py:188} INFO - [2025-06-19T00:25:29.212+0000] {dagbag.py:538} INFO - Filling up the DagBag from /opt/airflow/dags/cassandra_to_clickhouse_dag.py
[2025-06-19T00:25:30.320+0000] {processor.py:840} INFO - DAG(s) 'etl_cassandra_to_clickhouse' retrieved from /opt/airflow/dags/cassandra_to_clickhouse_dag.py
[2025-06-19T00:25:30.352+0000] {logging_mixin.py:188} INFO - [2025-06-19T00:25:30.351+0000] {dag.py:3036} INFO - Sync 1 DAGs
[2025-06-19T00:25:30.366+0000] {logging_mixin.py:188} INFO - [2025-06-19T00:25:30.365+0000] {dag.py:3823} INFO - Setting next_dagrun for etl_cassandra_to_clickhouse to None, run_after=None
[2025-06-19T00:25:30.395+0000] {processor.py:183} INFO - Processing /opt/airflow/dags/cassandra_to_clickhouse_dag.py took 1.190 seconds
[2025-06-19T00:26:00.558+0000] {processor.py:161} INFO - Started process (PID=1511) to work on /opt/airflow/dags/cassandra_to_clickhouse_dag.py
[2025-06-19T00:26:00.560+0000] {processor.py:830} INFO - Processing file /opt/airflow/dags/cassandra_to_clickhouse_dag.py for tasks to queue
[2025-06-19T00:26:00.561+0000] {logging_mixin.py:188} INFO - [2025-06-19T00:26:00.561+0000] {dagbag.py:538} INFO - Filling up the DagBag from /opt/airflow/dags/cassandra_to_clickhouse_dag.py
[2025-06-19T00:26:01.470+0000] {processor.py:840} INFO - DAG(s) 'etl_cassandra_to_clickhouse' retrieved from /opt/airflow/dags/cassandra_to_clickhouse_dag.py
[2025-06-19T00:26:01.505+0000] {logging_mixin.py:188} INFO - [2025-06-19T00:26:01.505+0000] {dag.py:3036} INFO - Sync 1 DAGs
[2025-06-19T00:26:01.518+0000] {logging_mixin.py:188} INFO - [2025-06-19T00:26:01.518+0000] {dag.py:3823} INFO - Setting next_dagrun for etl_cassandra_to_clickhouse to None, run_after=None
[2025-06-19T00:26:01.548+0000] {processor.py:183} INFO - Processing /opt/airflow/dags/cassandra_to_clickhouse_dag.py took 0.995 seconds
[2025-06-19T00:26:31.843+0000] {processor.py:161} INFO - Started process (PID=1517) to work on /opt/airflow/dags/cassandra_to_clickhouse_dag.py
[2025-06-19T00:26:31.844+0000] {processor.py:830} INFO - Processing file /opt/airflow/dags/cassandra_to_clickhouse_dag.py for tasks to queue
[2025-06-19T00:26:31.846+0000] {logging_mixin.py:188} INFO - [2025-06-19T00:26:31.845+0000] {dagbag.py:538} INFO - Filling up the DagBag from /opt/airflow/dags/cassandra_to_clickhouse_dag.py
[2025-06-19T00:26:32.820+0000] {processor.py:840} INFO - DAG(s) 'etl_cassandra_to_clickhouse' retrieved from /opt/airflow/dags/cassandra_to_clickhouse_dag.py
[2025-06-19T00:26:32.878+0000] {logging_mixin.py:188} INFO - [2025-06-19T00:26:32.877+0000] {dag.py:3036} INFO - Sync 1 DAGs
[2025-06-19T00:26:32.902+0000] {logging_mixin.py:188} INFO - [2025-06-19T00:26:32.902+0000] {dag.py:3823} INFO - Setting next_dagrun for etl_cassandra_to_clickhouse to None, run_after=None
[2025-06-19T00:26:32.933+0000] {processor.py:183} INFO - Processing /opt/airflow/dags/cassandra_to_clickhouse_dag.py took 1.094 seconds
[2025-06-19T00:27:03.202+0000] {processor.py:161} INFO - Started process (PID=1523) to work on /opt/airflow/dags/cassandra_to_clickhouse_dag.py
[2025-06-19T00:27:03.204+0000] {processor.py:830} INFO - Processing file /opt/airflow/dags/cassandra_to_clickhouse_dag.py for tasks to queue
[2025-06-19T00:27:03.206+0000] {logging_mixin.py:188} INFO - [2025-06-19T00:27:03.205+0000] {dagbag.py:538} INFO - Filling up the DagBag from /opt/airflow/dags/cassandra_to_clickhouse_dag.py
[2025-06-19T00:27:04.018+0000] {processor.py:840} INFO - DAG(s) 'etl_cassandra_to_clickhouse' retrieved from /opt/airflow/dags/cassandra_to_clickhouse_dag.py
[2025-06-19T00:27:04.051+0000] {logging_mixin.py:188} INFO - [2025-06-19T00:27:04.050+0000] {dag.py:3036} INFO - Sync 1 DAGs
[2025-06-19T00:27:04.064+0000] {logging_mixin.py:188} INFO - [2025-06-19T00:27:04.064+0000] {dag.py:3823} INFO - Setting next_dagrun for etl_cassandra_to_clickhouse to None, run_after=None
[2025-06-19T00:27:04.099+0000] {processor.py:183} INFO - Processing /opt/airflow/dags/cassandra_to_clickhouse_dag.py took 0.901 seconds
[2025-06-19T00:27:34.479+0000] {processor.py:161} INFO - Started process (PID=1529) to work on /opt/airflow/dags/cassandra_to_clickhouse_dag.py
[2025-06-19T00:27:34.480+0000] {processor.py:830} INFO - Processing file /opt/airflow/dags/cassandra_to_clickhouse_dag.py for tasks to queue
[2025-06-19T00:27:34.482+0000] {logging_mixin.py:188} INFO - [2025-06-19T00:27:34.482+0000] {dagbag.py:538} INFO - Filling up the DagBag from /opt/airflow/dags/cassandra_to_clickhouse_dag.py
[2025-06-19T00:27:35.296+0000] {processor.py:840} INFO - DAG(s) 'etl_cassandra_to_clickhouse' retrieved from /opt/airflow/dags/cassandra_to_clickhouse_dag.py
[2025-06-19T00:27:35.336+0000] {logging_mixin.py:188} INFO - [2025-06-19T00:27:35.336+0000] {dag.py:3036} INFO - Sync 1 DAGs
[2025-06-19T00:27:35.352+0000] {logging_mixin.py:188} INFO - [2025-06-19T00:27:35.352+0000] {dag.py:3823} INFO - Setting next_dagrun for etl_cassandra_to_clickhouse to None, run_after=None
[2025-06-19T00:27:35.388+0000] {processor.py:183} INFO - Processing /opt/airflow/dags/cassandra_to_clickhouse_dag.py took 0.914 seconds
[2025-06-19T00:28:05.793+0000] {processor.py:161} INFO - Started process (PID=1535) to work on /opt/airflow/dags/cassandra_to_clickhouse_dag.py
[2025-06-19T00:28:05.794+0000] {processor.py:830} INFO - Processing file /opt/airflow/dags/cassandra_to_clickhouse_dag.py for tasks to queue
[2025-06-19T00:28:05.795+0000] {logging_mixin.py:188} INFO - [2025-06-19T00:28:05.795+0000] {dagbag.py:538} INFO - Filling up the DagBag from /opt/airflow/dags/cassandra_to_clickhouse_dag.py
[2025-06-19T00:28:06.680+0000] {processor.py:840} INFO - DAG(s) 'etl_cassandra_to_clickhouse' retrieved from /opt/airflow/dags/cassandra_to_clickhouse_dag.py
[2025-06-19T00:28:06.712+0000] {logging_mixin.py:188} INFO - [2025-06-19T00:28:06.712+0000] {dag.py:3036} INFO - Sync 1 DAGs
[2025-06-19T00:28:06.726+0000] {logging_mixin.py:188} INFO - [2025-06-19T00:28:06.726+0000] {dag.py:3823} INFO - Setting next_dagrun for etl_cassandra_to_clickhouse to None, run_after=None
[2025-06-19T00:28:06.752+0000] {processor.py:183} INFO - Processing /opt/airflow/dags/cassandra_to_clickhouse_dag.py took 0.965 seconds
[2025-06-19T00:28:37.140+0000] {processor.py:161} INFO - Started process (PID=1541) to work on /opt/airflow/dags/cassandra_to_clickhouse_dag.py
[2025-06-19T00:28:37.141+0000] {processor.py:830} INFO - Processing file /opt/airflow/dags/cassandra_to_clickhouse_dag.py for tasks to queue
[2025-06-19T00:28:37.143+0000] {logging_mixin.py:188} INFO - [2025-06-19T00:28:37.142+0000] {dagbag.py:538} INFO - Filling up the DagBag from /opt/airflow/dags/cassandra_to_clickhouse_dag.py
[2025-06-19T00:28:38.111+0000] {processor.py:840} INFO - DAG(s) 'etl_cassandra_to_clickhouse' retrieved from /opt/airflow/dags/cassandra_to_clickhouse_dag.py
[2025-06-19T00:28:38.146+0000] {logging_mixin.py:188} INFO - [2025-06-19T00:28:38.146+0000] {dag.py:3036} INFO - Sync 1 DAGs
[2025-06-19T00:28:38.160+0000] {logging_mixin.py:188} INFO - [2025-06-19T00:28:38.160+0000] {dag.py:3823} INFO - Setting next_dagrun for etl_cassandra_to_clickhouse to None, run_after=None
[2025-06-19T00:28:38.187+0000] {processor.py:183} INFO - Processing /opt/airflow/dags/cassandra_to_clickhouse_dag.py took 1.053 seconds
[2025-06-19T00:29:08.487+0000] {processor.py:161} INFO - Started process (PID=1547) to work on /opt/airflow/dags/cassandra_to_clickhouse_dag.py
[2025-06-19T00:29:08.489+0000] {processor.py:830} INFO - Processing file /opt/airflow/dags/cassandra_to_clickhouse_dag.py for tasks to queue
[2025-06-19T00:29:08.490+0000] {logging_mixin.py:188} INFO - [2025-06-19T00:29:08.490+0000] {dagbag.py:538} INFO - Filling up the DagBag from /opt/airflow/dags/cassandra_to_clickhouse_dag.py
[2025-06-19T00:29:09.419+0000] {processor.py:840} INFO - DAG(s) 'etl_cassandra_to_clickhouse' retrieved from /opt/airflow/dags/cassandra_to_clickhouse_dag.py
[2025-06-19T00:29:09.452+0000] {logging_mixin.py:188} INFO - [2025-06-19T00:29:09.452+0000] {dag.py:3036} INFO - Sync 1 DAGs
[2025-06-19T00:29:09.466+0000] {logging_mixin.py:188} INFO - [2025-06-19T00:29:09.466+0000] {dag.py:3823} INFO - Setting next_dagrun for etl_cassandra_to_clickhouse to None, run_after=None
[2025-06-19T00:29:09.493+0000] {processor.py:183} INFO - Processing /opt/airflow/dags/cassandra_to_clickhouse_dag.py took 1.010 seconds
[2025-06-19T00:29:39.866+0000] {processor.py:161} INFO - Started process (PID=1553) to work on /opt/airflow/dags/cassandra_to_clickhouse_dag.py
[2025-06-19T00:29:39.868+0000] {processor.py:830} INFO - Processing file /opt/airflow/dags/cassandra_to_clickhouse_dag.py for tasks to queue
[2025-06-19T00:29:39.869+0000] {logging_mixin.py:188} INFO - [2025-06-19T00:29:39.869+0000] {dagbag.py:538} INFO - Filling up the DagBag from /opt/airflow/dags/cassandra_to_clickhouse_dag.py
[2025-06-19T00:29:40.970+0000] {processor.py:840} INFO - DAG(s) 'etl_cassandra_to_clickhouse' retrieved from /opt/airflow/dags/cassandra_to_clickhouse_dag.py
[2025-06-19T00:29:41.007+0000] {logging_mixin.py:188} INFO - [2025-06-19T00:29:41.006+0000] {dag.py:3036} INFO - Sync 1 DAGs
[2025-06-19T00:29:41.024+0000] {logging_mixin.py:188} INFO - [2025-06-19T00:29:41.023+0000] {dag.py:3823} INFO - Setting next_dagrun for etl_cassandra_to_clickhouse to None, run_after=None
[2025-06-19T00:29:41.055+0000] {processor.py:183} INFO - Processing /opt/airflow/dags/cassandra_to_clickhouse_dag.py took 1.192 seconds
[2025-06-19T00:30:11.247+0000] {processor.py:161} INFO - Started process (PID=1559) to work on /opt/airflow/dags/cassandra_to_clickhouse_dag.py
[2025-06-19T00:30:11.249+0000] {processor.py:830} INFO - Processing file /opt/airflow/dags/cassandra_to_clickhouse_dag.py for tasks to queue
[2025-06-19T00:30:11.250+0000] {logging_mixin.py:188} INFO - [2025-06-19T00:30:11.250+0000] {dagbag.py:538} INFO - Filling up the DagBag from /opt/airflow/dags/cassandra_to_clickhouse_dag.py
[2025-06-19T00:30:12.160+0000] {processor.py:840} INFO - DAG(s) 'etl_cassandra_to_clickhouse' retrieved from /opt/airflow/dags/cassandra_to_clickhouse_dag.py
[2025-06-19T00:30:12.198+0000] {logging_mixin.py:188} INFO - [2025-06-19T00:30:12.197+0000] {dag.py:3036} INFO - Sync 1 DAGs
[2025-06-19T00:30:12.213+0000] {logging_mixin.py:188} INFO - [2025-06-19T00:30:12.212+0000] {dag.py:3823} INFO - Setting next_dagrun for etl_cassandra_to_clickhouse to None, run_after=None
[2025-06-19T00:30:12.248+0000] {processor.py:183} INFO - Processing /opt/airflow/dags/cassandra_to_clickhouse_dag.py took 1.005 seconds
[2025-06-19T00:30:42.578+0000] {processor.py:161} INFO - Started process (PID=1565) to work on /opt/airflow/dags/cassandra_to_clickhouse_dag.py
[2025-06-19T00:30:42.579+0000] {processor.py:830} INFO - Processing file /opt/airflow/dags/cassandra_to_clickhouse_dag.py for tasks to queue
[2025-06-19T00:30:42.580+0000] {logging_mixin.py:188} INFO - [2025-06-19T00:30:42.580+0000] {dagbag.py:538} INFO - Filling up the DagBag from /opt/airflow/dags/cassandra_to_clickhouse_dag.py
[2025-06-19T00:30:43.688+0000] {processor.py:840} INFO - DAG(s) 'etl_cassandra_to_clickhouse' retrieved from /opt/airflow/dags/cassandra_to_clickhouse_dag.py
[2025-06-19T00:30:43.728+0000] {logging_mixin.py:188} INFO - [2025-06-19T00:30:43.727+0000] {dag.py:3036} INFO - Sync 1 DAGs
[2025-06-19T00:30:43.743+0000] {logging_mixin.py:188} INFO - [2025-06-19T00:30:43.742+0000] {dag.py:3823} INFO - Setting next_dagrun for etl_cassandra_to_clickhouse to None, run_after=None
[2025-06-19T00:30:43.767+0000] {processor.py:183} INFO - Processing /opt/airflow/dags/cassandra_to_clickhouse_dag.py took 1.193 seconds
[2025-06-19T00:31:13.887+0000] {processor.py:161} INFO - Started process (PID=1571) to work on /opt/airflow/dags/cassandra_to_clickhouse_dag.py
[2025-06-19T00:31:13.888+0000] {processor.py:830} INFO - Processing file /opt/airflow/dags/cassandra_to_clickhouse_dag.py for tasks to queue
[2025-06-19T00:31:13.890+0000] {logging_mixin.py:188} INFO - [2025-06-19T00:31:13.889+0000] {dagbag.py:538} INFO - Filling up the DagBag from /opt/airflow/dags/cassandra_to_clickhouse_dag.py
[2025-06-19T00:31:14.691+0000] {processor.py:840} INFO - DAG(s) 'etl_cassandra_to_clickhouse' retrieved from /opt/airflow/dags/cassandra_to_clickhouse_dag.py
[2025-06-19T00:31:14.722+0000] {logging_mixin.py:188} INFO - [2025-06-19T00:31:14.721+0000] {dag.py:3036} INFO - Sync 1 DAGs
[2025-06-19T00:31:14.734+0000] {logging_mixin.py:188} INFO - [2025-06-19T00:31:14.734+0000] {dag.py:3823} INFO - Setting next_dagrun for etl_cassandra_to_clickhouse to None, run_after=None
[2025-06-19T00:31:14.833+0000] {processor.py:183} INFO - Processing /opt/airflow/dags/cassandra_to_clickhouse_dag.py took 0.950 seconds
[2025-06-19T00:31:45.219+0000] {processor.py:161} INFO - Started process (PID=1577) to work on /opt/airflow/dags/cassandra_to_clickhouse_dag.py
[2025-06-19T00:31:45.221+0000] {processor.py:830} INFO - Processing file /opt/airflow/dags/cassandra_to_clickhouse_dag.py for tasks to queue
[2025-06-19T00:31:45.223+0000] {logging_mixin.py:188} INFO - [2025-06-19T00:31:45.223+0000] {dagbag.py:538} INFO - Filling up the DagBag from /opt/airflow/dags/cassandra_to_clickhouse_dag.py
[2025-06-19T00:31:46.202+0000] {processor.py:840} INFO - DAG(s) 'etl_cassandra_to_clickhouse' retrieved from /opt/airflow/dags/cassandra_to_clickhouse_dag.py
[2025-06-19T00:31:46.234+0000] {logging_mixin.py:188} INFO - [2025-06-19T00:31:46.233+0000] {dag.py:3036} INFO - Sync 1 DAGs
[2025-06-19T00:31:46.246+0000] {logging_mixin.py:188} INFO - [2025-06-19T00:31:46.246+0000] {dag.py:3823} INFO - Setting next_dagrun for etl_cassandra_to_clickhouse to None, run_after=None
[2025-06-19T00:31:46.276+0000] {processor.py:183} INFO - Processing /opt/airflow/dags/cassandra_to_clickhouse_dag.py took 1.061 seconds
[2025-06-19T00:32:16.576+0000] {processor.py:161} INFO - Started process (PID=1583) to work on /opt/airflow/dags/cassandra_to_clickhouse_dag.py
[2025-06-19T00:32:16.577+0000] {processor.py:830} INFO - Processing file /opt/airflow/dags/cassandra_to_clickhouse_dag.py for tasks to queue
[2025-06-19T00:32:16.578+0000] {logging_mixin.py:188} INFO - [2025-06-19T00:32:16.578+0000] {dagbag.py:538} INFO - Filling up the DagBag from /opt/airflow/dags/cassandra_to_clickhouse_dag.py
[2025-06-19T00:32:17.362+0000] {processor.py:840} INFO - DAG(s) 'etl_cassandra_to_clickhouse' retrieved from /opt/airflow/dags/cassandra_to_clickhouse_dag.py
[2025-06-19T00:32:17.392+0000] {logging_mixin.py:188} INFO - [2025-06-19T00:32:17.392+0000] {dag.py:3036} INFO - Sync 1 DAGs
[2025-06-19T00:32:17.406+0000] {logging_mixin.py:188} INFO - [2025-06-19T00:32:17.405+0000] {dag.py:3823} INFO - Setting next_dagrun for etl_cassandra_to_clickhouse to None, run_after=None
[2025-06-19T00:32:17.434+0000] {processor.py:183} INFO - Processing /opt/airflow/dags/cassandra_to_clickhouse_dag.py took 0.862 seconds
[2025-06-19T00:32:47.808+0000] {processor.py:161} INFO - Started process (PID=1604) to work on /opt/airflow/dags/cassandra_to_clickhouse_dag.py
[2025-06-19T00:32:47.809+0000] {processor.py:830} INFO - Processing file /opt/airflow/dags/cassandra_to_clickhouse_dag.py for tasks to queue
[2025-06-19T00:32:47.812+0000] {logging_mixin.py:188} INFO - [2025-06-19T00:32:47.812+0000] {dagbag.py:538} INFO - Filling up the DagBag from /opt/airflow/dags/cassandra_to_clickhouse_dag.py
[2025-06-19T00:32:48.749+0000] {processor.py:840} INFO - DAG(s) 'etl_cassandra_to_clickhouse' retrieved from /opt/airflow/dags/cassandra_to_clickhouse_dag.py
[2025-06-19T00:32:48.781+0000] {logging_mixin.py:188} INFO - [2025-06-19T00:32:48.781+0000] {dag.py:3036} INFO - Sync 1 DAGs
[2025-06-19T00:32:48.799+0000] {logging_mixin.py:188} INFO - [2025-06-19T00:32:48.799+0000] {dag.py:3823} INFO - Setting next_dagrun for etl_cassandra_to_clickhouse to None, run_after=None
[2025-06-19T00:32:48.832+0000] {processor.py:183} INFO - Processing /opt/airflow/dags/cassandra_to_clickhouse_dag.py took 1.031 seconds
[2025-06-19T00:33:19.256+0000] {processor.py:161} INFO - Started process (PID=1619) to work on /opt/airflow/dags/cassandra_to_clickhouse_dag.py
[2025-06-19T00:33:19.257+0000] {processor.py:830} INFO - Processing file /opt/airflow/dags/cassandra_to_clickhouse_dag.py for tasks to queue
[2025-06-19T00:33:19.258+0000] {logging_mixin.py:188} INFO - [2025-06-19T00:33:19.258+0000] {dagbag.py:538} INFO - Filling up the DagBag from /opt/airflow/dags/cassandra_to_clickhouse_dag.py
[2025-06-19T00:33:20.158+0000] {processor.py:840} INFO - DAG(s) 'etl_cassandra_to_clickhouse' retrieved from /opt/airflow/dags/cassandra_to_clickhouse_dag.py
[2025-06-19T00:33:20.206+0000] {logging_mixin.py:188} INFO - [2025-06-19T00:33:20.205+0000] {dag.py:3036} INFO - Sync 1 DAGs
[2025-06-19T00:33:20.222+0000] {logging_mixin.py:188} INFO - [2025-06-19T00:33:20.222+0000] {dag.py:3823} INFO - Setting next_dagrun for etl_cassandra_to_clickhouse to None, run_after=None
[2025-06-19T00:33:20.253+0000] {processor.py:183} INFO - Processing /opt/airflow/dags/cassandra_to_clickhouse_dag.py took 1.000 seconds
[2025-06-19T00:33:50.586+0000] {processor.py:161} INFO - Started process (PID=1625) to work on /opt/airflow/dags/cassandra_to_clickhouse_dag.py
[2025-06-19T00:33:50.588+0000] {processor.py:830} INFO - Processing file /opt/airflow/dags/cassandra_to_clickhouse_dag.py for tasks to queue
[2025-06-19T00:33:50.589+0000] {logging_mixin.py:188} INFO - [2025-06-19T00:33:50.589+0000] {dagbag.py:538} INFO - Filling up the DagBag from /opt/airflow/dags/cassandra_to_clickhouse_dag.py
[2025-06-19T00:33:51.407+0000] {processor.py:840} INFO - DAG(s) 'etl_cassandra_to_clickhouse' retrieved from /opt/airflow/dags/cassandra_to_clickhouse_dag.py
[2025-06-19T00:33:51.437+0000] {logging_mixin.py:188} INFO - [2025-06-19T00:33:51.436+0000] {dag.py:3036} INFO - Sync 1 DAGs
[2025-06-19T00:33:51.449+0000] {logging_mixin.py:188} INFO - [2025-06-19T00:33:51.448+0000] {dag.py:3823} INFO - Setting next_dagrun for etl_cassandra_to_clickhouse to None, run_after=None
[2025-06-19T00:33:51.475+0000] {processor.py:183} INFO - Processing /opt/airflow/dags/cassandra_to_clickhouse_dag.py took 0.893 seconds
[2025-06-19T00:34:21.797+0000] {processor.py:161} INFO - Started process (PID=1631) to work on /opt/airflow/dags/cassandra_to_clickhouse_dag.py
[2025-06-19T00:34:21.799+0000] {processor.py:830} INFO - Processing file /opt/airflow/dags/cassandra_to_clickhouse_dag.py for tasks to queue
[2025-06-19T00:34:21.801+0000] {logging_mixin.py:188} INFO - [2025-06-19T00:34:21.800+0000] {dagbag.py:538} INFO - Filling up the DagBag from /opt/airflow/dags/cassandra_to_clickhouse_dag.py
[2025-06-19T00:34:22.763+0000] {processor.py:840} INFO - DAG(s) 'etl_cassandra_to_clickhouse' retrieved from /opt/airflow/dags/cassandra_to_clickhouse_dag.py
[2025-06-19T00:34:22.794+0000] {logging_mixin.py:188} INFO - [2025-06-19T00:34:22.793+0000] {dag.py:3036} INFO - Sync 1 DAGs
[2025-06-19T00:34:22.806+0000] {logging_mixin.py:188} INFO - [2025-06-19T00:34:22.806+0000] {dag.py:3823} INFO - Setting next_dagrun for etl_cassandra_to_clickhouse to None, run_after=None
[2025-06-19T00:34:22.844+0000] {processor.py:183} INFO - Processing /opt/airflow/dags/cassandra_to_clickhouse_dag.py took 1.052 seconds
[2025-06-19T00:34:53.206+0000] {processor.py:161} INFO - Started process (PID=1637) to work on /opt/airflow/dags/cassandra_to_clickhouse_dag.py
[2025-06-19T00:34:53.208+0000] {processor.py:830} INFO - Processing file /opt/airflow/dags/cassandra_to_clickhouse_dag.py for tasks to queue
[2025-06-19T00:34:53.213+0000] {logging_mixin.py:188} INFO - [2025-06-19T00:34:53.212+0000] {dagbag.py:538} INFO - Filling up the DagBag from /opt/airflow/dags/cassandra_to_clickhouse_dag.py
[2025-06-19T00:34:54.281+0000] {processor.py:840} INFO - DAG(s) 'etl_cassandra_to_clickhouse' retrieved from /opt/airflow/dags/cassandra_to_clickhouse_dag.py
[2025-06-19T00:34:54.313+0000] {logging_mixin.py:188} INFO - [2025-06-19T00:34:54.313+0000] {dag.py:3036} INFO - Sync 1 DAGs
[2025-06-19T00:34:54.327+0000] {logging_mixin.py:188} INFO - [2025-06-19T00:34:54.327+0000] {dag.py:3823} INFO - Setting next_dagrun for etl_cassandra_to_clickhouse to None, run_after=None
[2025-06-19T00:34:54.360+0000] {processor.py:183} INFO - Processing /opt/airflow/dags/cassandra_to_clickhouse_dag.py took 1.161 seconds
[2025-06-19T00:35:24.486+0000] {processor.py:161} INFO - Started process (PID=1643) to work on /opt/airflow/dags/cassandra_to_clickhouse_dag.py
[2025-06-19T00:35:24.487+0000] {processor.py:830} INFO - Processing file /opt/airflow/dags/cassandra_to_clickhouse_dag.py for tasks to queue
[2025-06-19T00:35:24.489+0000] {logging_mixin.py:188} INFO - [2025-06-19T00:35:24.489+0000] {dagbag.py:538} INFO - Filling up the DagBag from /opt/airflow/dags/cassandra_to_clickhouse_dag.py
[2025-06-19T00:35:25.441+0000] {processor.py:840} INFO - DAG(s) 'etl_cassandra_to_clickhouse' retrieved from /opt/airflow/dags/cassandra_to_clickhouse_dag.py
[2025-06-19T00:35:25.476+0000] {logging_mixin.py:188} INFO - [2025-06-19T00:35:25.475+0000] {dag.py:3036} INFO - Sync 1 DAGs
[2025-06-19T00:35:25.489+0000] {logging_mixin.py:188} INFO - [2025-06-19T00:35:25.489+0000] {dag.py:3823} INFO - Setting next_dagrun for etl_cassandra_to_clickhouse to None, run_after=None
[2025-06-19T00:35:25.519+0000] {processor.py:183} INFO - Processing /opt/airflow/dags/cassandra_to_clickhouse_dag.py took 1.037 seconds
[2025-06-19T00:35:55.803+0000] {processor.py:161} INFO - Started process (PID=1649) to work on /opt/airflow/dags/cassandra_to_clickhouse_dag.py
[2025-06-19T00:35:55.804+0000] {processor.py:830} INFO - Processing file /opt/airflow/dags/cassandra_to_clickhouse_dag.py for tasks to queue
[2025-06-19T00:35:55.806+0000] {logging_mixin.py:188} INFO - [2025-06-19T00:35:55.805+0000] {dagbag.py:538} INFO - Filling up the DagBag from /opt/airflow/dags/cassandra_to_clickhouse_dag.py
[2025-06-19T00:35:56.883+0000] {processor.py:840} INFO - DAG(s) 'etl_cassandra_to_clickhouse' retrieved from /opt/airflow/dags/cassandra_to_clickhouse_dag.py
[2025-06-19T00:35:56.921+0000] {logging_mixin.py:188} INFO - [2025-06-19T00:35:56.920+0000] {dag.py:3036} INFO - Sync 1 DAGs
[2025-06-19T00:35:56.934+0000] {logging_mixin.py:188} INFO - [2025-06-19T00:35:56.934+0000] {dag.py:3823} INFO - Setting next_dagrun for etl_cassandra_to_clickhouse to None, run_after=None
[2025-06-19T00:35:56.968+0000] {processor.py:183} INFO - Processing /opt/airflow/dags/cassandra_to_clickhouse_dag.py took 1.169 seconds
[2025-06-19T00:36:27.099+0000] {processor.py:161} INFO - Started process (PID=1655) to work on /opt/airflow/dags/cassandra_to_clickhouse_dag.py
[2025-06-19T00:36:27.101+0000] {processor.py:830} INFO - Processing file /opt/airflow/dags/cassandra_to_clickhouse_dag.py for tasks to queue
[2025-06-19T00:36:27.102+0000] {logging_mixin.py:188} INFO - [2025-06-19T00:36:27.102+0000] {dagbag.py:538} INFO - Filling up the DagBag from /opt/airflow/dags/cassandra_to_clickhouse_dag.py
[2025-06-19T00:36:28.046+0000] {processor.py:840} INFO - DAG(s) 'etl_cassandra_to_clickhouse' retrieved from /opt/airflow/dags/cassandra_to_clickhouse_dag.py
[2025-06-19T00:36:28.082+0000] {logging_mixin.py:188} INFO - [2025-06-19T00:36:28.082+0000] {dag.py:3036} INFO - Sync 1 DAGs
[2025-06-19T00:36:28.096+0000] {logging_mixin.py:188} INFO - [2025-06-19T00:36:28.095+0000] {dag.py:3823} INFO - Setting next_dagrun for etl_cassandra_to_clickhouse to None, run_after=None
[2025-06-19T00:36:28.125+0000] {processor.py:183} INFO - Processing /opt/airflow/dags/cassandra_to_clickhouse_dag.py took 1.030 seconds
[2025-06-19T00:36:58.390+0000] {processor.py:161} INFO - Started process (PID=1661) to work on /opt/airflow/dags/cassandra_to_clickhouse_dag.py
[2025-06-19T00:36:58.392+0000] {processor.py:830} INFO - Processing file /opt/airflow/dags/cassandra_to_clickhouse_dag.py for tasks to queue
[2025-06-19T00:36:58.394+0000] {logging_mixin.py:188} INFO - [2025-06-19T00:36:58.394+0000] {dagbag.py:538} INFO - Filling up the DagBag from /opt/airflow/dags/cassandra_to_clickhouse_dag.py
[2025-06-19T00:36:59.232+0000] {processor.py:840} INFO - DAG(s) 'etl_cassandra_to_clickhouse' retrieved from /opt/airflow/dags/cassandra_to_clickhouse_dag.py
[2025-06-19T00:36:59.268+0000] {logging_mixin.py:188} INFO - [2025-06-19T00:36:59.267+0000] {dag.py:3036} INFO - Sync 1 DAGs
[2025-06-19T00:36:59.286+0000] {logging_mixin.py:188} INFO - [2025-06-19T00:36:59.286+0000] {dag.py:3823} INFO - Setting next_dagrun for etl_cassandra_to_clickhouse to None, run_after=None
[2025-06-19T00:36:59.315+0000] {processor.py:183} INFO - Processing /opt/airflow/dags/cassandra_to_clickhouse_dag.py took 0.930 seconds
[2025-06-19T00:37:29.705+0000] {processor.py:161} INFO - Started process (PID=1667) to work on /opt/airflow/dags/cassandra_to_clickhouse_dag.py
[2025-06-19T00:37:29.707+0000] {processor.py:830} INFO - Processing file /opt/airflow/dags/cassandra_to_clickhouse_dag.py for tasks to queue
[2025-06-19T00:37:29.708+0000] {logging_mixin.py:188} INFO - [2025-06-19T00:37:29.708+0000] {dagbag.py:538} INFO - Filling up the DagBag from /opt/airflow/dags/cassandra_to_clickhouse_dag.py
[2025-06-19T00:37:30.496+0000] {processor.py:840} INFO - DAG(s) 'etl_cassandra_to_clickhouse' retrieved from /opt/airflow/dags/cassandra_to_clickhouse_dag.py
[2025-06-19T00:37:30.528+0000] {logging_mixin.py:188} INFO - [2025-06-19T00:37:30.527+0000] {dag.py:3036} INFO - Sync 1 DAGs
[2025-06-19T00:37:30.540+0000] {logging_mixin.py:188} INFO - [2025-06-19T00:37:30.540+0000] {dag.py:3823} INFO - Setting next_dagrun for etl_cassandra_to_clickhouse to None, run_after=None
[2025-06-19T00:37:30.564+0000] {processor.py:183} INFO - Processing /opt/airflow/dags/cassandra_to_clickhouse_dag.py took 0.862 seconds
[2025-06-19T00:38:00.947+0000] {processor.py:161} INFO - Started process (PID=1673) to work on /opt/airflow/dags/cassandra_to_clickhouse_dag.py
[2025-06-19T00:38:00.949+0000] {processor.py:830} INFO - Processing file /opt/airflow/dags/cassandra_to_clickhouse_dag.py for tasks to queue
[2025-06-19T00:38:00.951+0000] {logging_mixin.py:188} INFO - [2025-06-19T00:38:00.951+0000] {dagbag.py:538} INFO - Filling up the DagBag from /opt/airflow/dags/cassandra_to_clickhouse_dag.py
[2025-06-19T00:38:01.985+0000] {processor.py:840} INFO - DAG(s) 'etl_cassandra_to_clickhouse' retrieved from /opt/airflow/dags/cassandra_to_clickhouse_dag.py
[2025-06-19T00:38:02.018+0000] {logging_mixin.py:188} INFO - [2025-06-19T00:38:02.018+0000] {dag.py:3036} INFO - Sync 1 DAGs
[2025-06-19T00:38:02.032+0000] {logging_mixin.py:188} INFO - [2025-06-19T00:38:02.031+0000] {dag.py:3823} INFO - Setting next_dagrun for etl_cassandra_to_clickhouse to None, run_after=None
[2025-06-19T00:38:02.059+0000] {processor.py:183} INFO - Processing /opt/airflow/dags/cassandra_to_clickhouse_dag.py took 1.118 seconds
[2025-06-19T00:38:32.291+0000] {processor.py:161} INFO - Started process (PID=1679) to work on /opt/airflow/dags/cassandra_to_clickhouse_dag.py
[2025-06-19T00:38:32.293+0000] {processor.py:830} INFO - Processing file /opt/airflow/dags/cassandra_to_clickhouse_dag.py for tasks to queue
[2025-06-19T00:38:32.295+0000] {logging_mixin.py:188} INFO - [2025-06-19T00:38:32.294+0000] {dagbag.py:538} INFO - Filling up the DagBag from /opt/airflow/dags/cassandra_to_clickhouse_dag.py
[2025-06-19T00:38:33.193+0000] {processor.py:840} INFO - DAG(s) 'etl_cassandra_to_clickhouse' retrieved from /opt/airflow/dags/cassandra_to_clickhouse_dag.py
[2025-06-19T00:38:33.236+0000] {logging_mixin.py:188} INFO - [2025-06-19T00:38:33.236+0000] {dag.py:3036} INFO - Sync 1 DAGs
[2025-06-19T00:38:33.251+0000] {logging_mixin.py:188} INFO - [2025-06-19T00:38:33.251+0000] {dag.py:3823} INFO - Setting next_dagrun for etl_cassandra_to_clickhouse to None, run_after=None
[2025-06-19T00:38:33.273+0000] {processor.py:183} INFO - Processing /opt/airflow/dags/cassandra_to_clickhouse_dag.py took 0.989 seconds
[2025-06-19T00:39:03.568+0000] {processor.py:161} INFO - Started process (PID=1685) to work on /opt/airflow/dags/cassandra_to_clickhouse_dag.py
[2025-06-19T00:39:03.569+0000] {processor.py:830} INFO - Processing file /opt/airflow/dags/cassandra_to_clickhouse_dag.py for tasks to queue
[2025-06-19T00:39:03.570+0000] {logging_mixin.py:188} INFO - [2025-06-19T00:39:03.570+0000] {dagbag.py:538} INFO - Filling up the DagBag from /opt/airflow/dags/cassandra_to_clickhouse_dag.py
[2025-06-19T00:39:04.432+0000] {processor.py:840} INFO - DAG(s) 'etl_cassandra_to_clickhouse' retrieved from /opt/airflow/dags/cassandra_to_clickhouse_dag.py
[2025-06-19T00:39:04.466+0000] {logging_mixin.py:188} INFO - [2025-06-19T00:39:04.465+0000] {dag.py:3036} INFO - Sync 1 DAGs
[2025-06-19T00:39:04.488+0000] {logging_mixin.py:188} INFO - [2025-06-19T00:39:04.488+0000] {dag.py:3823} INFO - Setting next_dagrun for etl_cassandra_to_clickhouse to None, run_after=None
[2025-06-19T00:39:04.520+0000] {processor.py:183} INFO - Processing /opt/airflow/dags/cassandra_to_clickhouse_dag.py took 0.956 seconds
[2025-06-19T00:39:34.874+0000] {processor.py:161} INFO - Started process (PID=1691) to work on /opt/airflow/dags/cassandra_to_clickhouse_dag.py
[2025-06-19T00:39:34.875+0000] {processor.py:830} INFO - Processing file /opt/airflow/dags/cassandra_to_clickhouse_dag.py for tasks to queue
[2025-06-19T00:39:34.876+0000] {logging_mixin.py:188} INFO - [2025-06-19T00:39:34.876+0000] {dagbag.py:538} INFO - Filling up the DagBag from /opt/airflow/dags/cassandra_to_clickhouse_dag.py
[2025-06-19T00:39:35.781+0000] {processor.py:840} INFO - DAG(s) 'etl_cassandra_to_clickhouse' retrieved from /opt/airflow/dags/cassandra_to_clickhouse_dag.py
[2025-06-19T00:39:35.836+0000] {logging_mixin.py:188} INFO - [2025-06-19T00:39:35.835+0000] {dag.py:3036} INFO - Sync 1 DAGs
[2025-06-19T00:39:35.866+0000] {logging_mixin.py:188} INFO - [2025-06-19T00:39:35.866+0000] {dag.py:3823} INFO - Setting next_dagrun for etl_cassandra_to_clickhouse to None, run_after=None
[2025-06-19T00:39:35.904+0000] {processor.py:183} INFO - Processing /opt/airflow/dags/cassandra_to_clickhouse_dag.py took 1.034 seconds
[2025-06-19T00:40:06.218+0000] {processor.py:161} INFO - Started process (PID=1697) to work on /opt/airflow/dags/cassandra_to_clickhouse_dag.py
[2025-06-19T00:40:06.219+0000] {processor.py:830} INFO - Processing file /opt/airflow/dags/cassandra_to_clickhouse_dag.py for tasks to queue
[2025-06-19T00:40:06.221+0000] {logging_mixin.py:188} INFO - [2025-06-19T00:40:06.220+0000] {dagbag.py:538} INFO - Filling up the DagBag from /opt/airflow/dags/cassandra_to_clickhouse_dag.py
[2025-06-19T00:40:07.093+0000] {processor.py:840} INFO - DAG(s) 'etl_cassandra_to_clickhouse' retrieved from /opt/airflow/dags/cassandra_to_clickhouse_dag.py
[2025-06-19T00:40:07.124+0000] {logging_mixin.py:188} INFO - [2025-06-19T00:40:07.123+0000] {dag.py:3036} INFO - Sync 1 DAGs
[2025-06-19T00:40:07.142+0000] {logging_mixin.py:188} INFO - [2025-06-19T00:40:07.142+0000] {dag.py:3823} INFO - Setting next_dagrun for etl_cassandra_to_clickhouse to None, run_after=None
[2025-06-19T00:40:07.185+0000] {processor.py:183} INFO - Processing /opt/airflow/dags/cassandra_to_clickhouse_dag.py took 0.971 seconds
[2025-06-19T00:40:37.552+0000] {processor.py:161} INFO - Started process (PID=1703) to work on /opt/airflow/dags/cassandra_to_clickhouse_dag.py
[2025-06-19T00:40:37.554+0000] {processor.py:830} INFO - Processing file /opt/airflow/dags/cassandra_to_clickhouse_dag.py for tasks to queue
[2025-06-19T00:40:37.555+0000] {logging_mixin.py:188} INFO - [2025-06-19T00:40:37.555+0000] {dagbag.py:538} INFO - Filling up the DagBag from /opt/airflow/dags/cassandra_to_clickhouse_dag.py
[2025-06-19T00:40:38.598+0000] {processor.py:840} INFO - DAG(s) 'etl_cassandra_to_clickhouse' retrieved from /opt/airflow/dags/cassandra_to_clickhouse_dag.py
[2025-06-19T00:40:38.633+0000] {logging_mixin.py:188} INFO - [2025-06-19T00:40:38.632+0000] {dag.py:3036} INFO - Sync 1 DAGs
[2025-06-19T00:40:38.650+0000] {logging_mixin.py:188} INFO - [2025-06-19T00:40:38.650+0000] {dag.py:3823} INFO - Setting next_dagrun for etl_cassandra_to_clickhouse to None, run_after=None
[2025-06-19T00:40:38.680+0000] {processor.py:183} INFO - Processing /opt/airflow/dags/cassandra_to_clickhouse_dag.py took 1.132 seconds
[2025-06-19T00:41:08.836+0000] {processor.py:161} INFO - Started process (PID=1709) to work on /opt/airflow/dags/cassandra_to_clickhouse_dag.py
[2025-06-19T00:41:08.837+0000] {processor.py:830} INFO - Processing file /opt/airflow/dags/cassandra_to_clickhouse_dag.py for tasks to queue
[2025-06-19T00:41:08.838+0000] {logging_mixin.py:188} INFO - [2025-06-19T00:41:08.838+0000] {dagbag.py:538} INFO - Filling up the DagBag from /opt/airflow/dags/cassandra_to_clickhouse_dag.py
[2025-06-19T00:41:09.634+0000] {processor.py:840} INFO - DAG(s) 'etl_cassandra_to_clickhouse' retrieved from /opt/airflow/dags/cassandra_to_clickhouse_dag.py
[2025-06-19T00:41:09.663+0000] {logging_mixin.py:188} INFO - [2025-06-19T00:41:09.663+0000] {dag.py:3036} INFO - Sync 1 DAGs
[2025-06-19T00:41:09.677+0000] {logging_mixin.py:188} INFO - [2025-06-19T00:41:09.677+0000] {dag.py:3823} INFO - Setting next_dagrun for etl_cassandra_to_clickhouse to None, run_after=None
[2025-06-19T00:41:09.707+0000] {processor.py:183} INFO - Processing /opt/airflow/dags/cassandra_to_clickhouse_dag.py took 0.875 seconds
