[2025-06-19T00:32:49.673+0000] {taskinstance.py:1956} INFO - Dependencies all met for dep_context=non-requeueable deps ti=<TaskInstance: etl_cassandra_to_clickhouse.compare_row_counts manual__2025-06-19T00:32:41.348749+00:00 [queued]>
[2025-06-19T00:32:49.685+0000] {taskinstance.py:1956} INFO - Dependencies all met for dep_context=requeueable deps ti=<TaskInstance: etl_cassandra_to_clickhouse.compare_row_counts manual__2025-06-19T00:32:41.348749+00:00 [queued]>
[2025-06-19T00:32:49.686+0000] {taskinstance.py:2170} INFO - Starting attempt 1 of 2
[2025-06-19T00:32:49.708+0000] {taskinstance.py:2191} INFO - Executing <Task(PythonOperator): compare_row_counts> on 2025-06-19 00:32:41.348749+00:00
[2025-06-19T00:32:49.715+0000] {standard_task_runner.py:60} INFO - Started process 1612 to run task
[2025-06-19T00:32:49.720+0000] {standard_task_runner.py:87} INFO - Running: ['airflow', 'tasks', 'run', 'etl_cassandra_to_clickhouse', 'compare_row_counts', 'manual__2025-06-19T00:32:41.348749+00:00', '--job-id', '87', '--raw', '--subdir', 'DAGS_FOLDER/cassandra_to_clickhouse_dag.py', '--cfg-path', '/tmp/tmpu7bwv5qf']
[2025-06-19T00:32:49.722+0000] {standard_task_runner.py:88} INFO - Job 87: Subtask compare_row_counts
[2025-06-19T00:32:49.794+0000] {task_command.py:423} INFO - Running <TaskInstance: etl_cassandra_to_clickhouse.compare_row_counts manual__2025-06-19T00:32:41.348749+00:00 [running]> on host 31ff11dc1157
[2025-06-19T00:32:49.923+0000] {taskinstance.py:2480} INFO - Exporting env vars: AIRFLOW_CTX_DAG_OWNER='airflow' AIRFLOW_CTX_DAG_ID='etl_cassandra_to_clickhouse' AIRFLOW_CTX_TASK_ID='compare_row_counts' AIRFLOW_CTX_EXECUTION_DATE='2025-06-19T00:32:41.348749+00:00' AIRFLOW_CTX_TRY_NUMBER='1' AIRFLOW_CTX_DAG_RUN_ID='manual__2025-06-19T00:32:41.348749+00:00'
[2025-06-19T00:32:49.938+0000] {base.py:83} INFO - Using connection ID 'cassandra_conn' for task execution.
[2025-06-19T00:32:49.941+0000] {cassandra_to_clickhouse_dag.py:65} WARNING - Cluster.__init__ called with contact_points specified, but no load_balancing_policy. In the next major version, this will raise an error; please specify a load-balancing policy. (contact_points = ['cassandra'], lbp = None)
[2025-06-19T00:32:49.947+0000] {cassandra_to_clickhouse_dag.py:66} WARNING - Downgrading core protocol version from 66 to 65 for 172.18.0.4:9042. To avoid this, it is best practice to explicitly set Cluster(protocol_version) to the version supported by your cluster. http://datastax.github.io/python-driver/api/cassandra/cluster.html#cassandra.cluster.Cluster.protocol_version
[2025-06-19T00:32:49.951+0000] {cassandra_to_clickhouse_dag.py:66} WARNING - Downgrading core protocol version from 65 to 5 for 172.18.0.4:9042. To avoid this, it is best practice to explicitly set Cluster(protocol_version) to the version supported by your cluster. http://datastax.github.io/python-driver/api/cassandra/cluster.html#cassandra.cluster.Cluster.protocol_version
[2025-06-19T00:32:49.963+0000] {policies.py:289} INFO - Using datacenter 'datacenter1' for DCAwareRoundRobinPolicy (via host '172.18.0.4:9042'); if incorrect, please specify a local_dc to the constructor, or limit contact points to local cluster nodes
[2025-06-19T00:32:50.026+0000] {libevreactor.py:370} WARNING - Server warning: Aggregation query used without partition key
[2025-06-19T00:32:50.045+0000] {base.py:83} INFO - Using connection ID 'clickhouse_conn' for task execution.
[2025-06-19T00:32:50.078+0000] {cassandra_to_clickhouse_dag.py:93} INFO - Cassandra row count: 500
ClickHouse row count: 500
Row counts match.

[2025-06-19T00:32:50.082+0000] {python.py:201} INFO - Done. Returned value was: None
[2025-06-19T00:32:50.098+0000] {taskinstance.py:1138} INFO - Marking task as SUCCESS. dag_id=etl_cassandra_to_clickhouse, task_id=compare_row_counts, execution_date=20250619T003241, start_date=20250619T003249, end_date=20250619T003250
[2025-06-19T00:32:50.133+0000] {local_task_job_runner.py:234} INFO - Task exited with return code 0
[2025-06-19T00:32:50.158+0000] {taskinstance.py:3280} INFO - 0 downstream tasks scheduled from follow-on schedule check
